activecomp {
  name: "Lander_List-Main"
  width: 1920
  height: 930
  defaultcameradistance: 2666.6667
  classname: "CYIListView"
  bgcolor {
    alpha: 1
    red: 0.086274509803921567
    green: 0.11372549019607843
    blue: 0.14509803921568629
  }
  properties {
    key: "componentSubtype"
    value: "streaming"
  }
  properties {
    key: "componentType"
    value: "list"
  }
  properties {
    key: "layout"
    value: "CYIColumnLayout"
  }
  properties {
    key: "padding-top"
    value: "50"
  }
  properties {
    key: "padding-bottom"
    value: "50"
  }
  properties {
    key: "padding-left"
    value: "50"
  }
  properties {
    key: "padding-right"
    value: "50"
  }
  properties {
    key: "horizontal-scroll"
    value: "false"
  }
  properties {
    key: "vertical-scroll"
    value: "true"
  }
  properties {
    key: "gravity"
    value: "top-right"
  }
  properties {
    key: "up-magnet-offset"
    value: "130"
  }
  properties {
    key: "down-magnet-offset"
    value: "80"
  }
  properties {
    key: "useComponentScrollingView"
    value: "true"
  }
}
