activecomp {
  name: "Lander_Horizontal-Container"
  width: 1920
  height: 720
  defaultcameradistance: 2666.6667
  layer {
    name: "List-Horizontal"
    id: 15012773
    sourceid: 15012762
    transform {
      anchorPoint {
        x: 960
        y: 320
        z: 0
      }
      scale {
        x: 1
        y: 1
        z: 1
      }
      position {
        x: 960
        y: 400
        z: 0
      }
      orientation {
        x: 0
        y: 0
        z: 0
      }
      rotationX: 0
      rotationY: 0
      rotationZ: 0
      opacity: 1
    }
    acceptsshadows: true
    acceptslights: true
    castsshadows: false
  }
  layer {
    name: "Popular Movies"
    id: 15012774
    sourceid: -1
    transform {
      anchorPoint {
        x: 139
        y: 37
        z: 0
      }
      scale {
        x: 1
        y: 1
        z: 1
      }
      position {
        x: 225
        y: 60
        z: 0
      }
      orientation {
        x: 0
        y: 0
        z: 0
      }
      rotationX: 0
      rotationY: 0
      rotationZ: 0
      opacity: 1
    }
    acceptsshadows: true
    acceptslights: true
    castsshadows: false
    textinfo {
      justification: AE_TEXT_LEFT
      fontSize: 48
      fontColor {
        alpha: 1
        red: 0.92156994342803955
        green: 0.92156994342803955
        blue: 0.92156994342803955
      }
      fontName: "Gotham-Bold"
      isPointText: false
      boundsWidth: 550
      boundsHeight: 56
      isLabel: true
      text: "Popular Movies\r"
      multiline: true
      isAllCaps: false
    }
  }
  bgcolor {
    alpha: 1
    red: 0.086274509803921567
    green: 0.11372549019607843
    blue: 0.14509803921568629
  }
  properties {
    key: "clip"
    value: "false"
  }
  childtemplates: "Lander_List-Horizontal"
}
sources {
  uid: 15012762
  srctype: AE_COMP_SRC
  name: "Lander_List-Horizontal.layout"
  width: 1920
  height: 640
  copy_source: true
}
sources {
  uid: 2
  srctype: AE_FONT_SRC
  name: "Gotham-Bold"
  copy_source: true
  file_name: "yi_Gotham-Bold.ttf"
}
