activecomp {
  name: "Lander_List-Horizontal"
  width: 1920
  height: 640
  defaultcameradistance: 2666.6667
  classname: "CYIListView"
  bgcolor {
    alpha: 1
    red: 0.086274509803921567
    green: 0.11372549019607843
    blue: 0.14509803921568629
  }
  properties {
    key: "componentSubtype"
    value: "streaming"
  }
  properties {
    key: "componentType"
    value: "list"
  }
  properties {
    key: "layout"
    value: "CYIRowLayout"
  }
  properties {
    key: "padding-left"
    value: "50"
  }
  properties {
    key: "padding-right"
    value: "50"
  }
  properties {
    key: "horizontal-scroll"
    value: "true"
  }
  properties {
    key: "vertical-scroll"
    value: "false"
  }
  properties {
    key: "clip"
    value: "false"
  }
}
