tracks {
  binding: IS_VISIBLE
  targetid: 199451
  targetname: "Icon-Profile.png"
  keytimes {
    datatype: AE_INT_DATA
    timeOffset: 0
    inttype: AE_INTERP_HOLD
    ivalue1: 1
  }
}
tracks {
  binding: POSITION
  targetid: 199451
  targetname: "Icon-Profile.png"
  keytimes {
    datatype: AE_FLOAT_VECTOR_DATA
    timeOffset: 0
    inttype: AE_INTERP_LINEAR
    fvalue1: 32
    fvalue2: 32
    fvalue3: 0
  }
  keytimes {
    datatype: AE_FLOAT_VECTOR_DATA
    timeOffset: 4
    inttype: AE_INTERP_LINEAR
    sInTangentX: -0
    sInTangentY: -0.33333334
    sInTangentZ: -0
    sOutTangentX: 0
    sOutTangentY: 0.33333334
    sOutTangentZ: 0
    fvalue1: 32
    fvalue2: 32
    fvalue3: 0
  }
  keytimes {
    datatype: AE_FLOAT_VECTOR_DATA
    timeOffset: 4.1666665
    inttype: AE_INTERP_LINEAR
    sInTangentX: -0
    sInTangentY: -0.33333334
    sInTangentZ: -0
    sOutTangentX: 0
    sOutTangentY: 0
    sOutTangentZ: 0
    fvalue1: 32
    fvalue2: 34
    fvalue3: 0
  }
  keytimes {
    datatype: AE_FLOAT_VECTOR_DATA
    timeOffset: 5
    inttype: AE_INTERP_LINEAR
    sInTangentX: 0
    sInTangentY: 0
    sInTangentZ: 0
    sOutTangentX: 0
    sOutTangentY: -0.33333334
    sOutTangentZ: 0
    fvalue1: 32
    fvalue2: 34
    fvalue3: 0
  }
  keytimes {
    datatype: AE_FLOAT_VECTOR_DATA
    timeOffset: 5.1666665
    inttype: AE_INTERP_LINEAR
    sInTangentX: -0
    sInTangentY: 0.33333334
    sInTangentZ: -0
    sOutTangentX: 0
    sOutTangentY: -0.33333334
    sOutTangentZ: 0
    fvalue1: 32
    fvalue2: 32
    fvalue3: 0
  }
  trackName: "Position"
}
tracks {
  binding: OPACITY
  targetid: 199451
  targetname: "Icon-Profile.png"
  keytimes {
    datatype: AE_FLOAT_DATA
    timeOffset: 0
    inttype: AE_INTERP_LINEAR
    fvalue1: 1
  }
  keytimes {
    datatype: AE_FLOAT_DATA
    timeOffset: 1
    inttype: AE_INTERP_LINEAR
    fvalue1: 1
  }
  keytimes {
    datatype: AE_FLOAT_DATA
    timeOffset: 1.3333334
    inttype: AE_INTERP_LINEAR
    fvalue1: 0
  }
  keytimes {
    datatype: AE_FLOAT_DATA
    timeOffset: 2
    inttype: AE_INTERP_LINEAR
    fvalue1: 0
  }
  keytimes {
    datatype: AE_FLOAT_DATA
    timeOffset: 2.3333333
    inttype: AE_INTERP_LINEAR
    fvalue1: 1
  }
  keytimes {
    datatype: AE_FLOAT_DATA
    timeOffset: 4
    inttype: AE_INTERP_LINEAR
    fvalue1: 0
  }
  keytimes {
    datatype: AE_FLOAT_DATA
    timeOffset: 4.1666665
    inttype: AE_INTERP_LINEAR
    fvalue1: 0.4
  }
  keytimes {
    datatype: AE_FLOAT_DATA
    timeOffset: 4.1833334
    inttype: AE_INTERP_LINEAR
    fvalue1: 0.4
  }
  keytimes {
    datatype: AE_FLOAT_DATA
    timeOffset: 5
    inttype: AE_INTERP_LINEAR
    fvalue1: 0.4
  }
  keytimes {
    datatype: AE_FLOAT_DATA
    timeOffset: 5.1666665
    inttype: AE_INTERP_LINEAR
    fvalue1: 0
  }
  trackName: "Opacity"
}
tracks {
  binding: SCALE
  targetid: 199451
  targetname: "Icon-Profile.png"
  keytimes {
    datatype: AE_FLOAT_VECTOR_DATA
    timeOffset: 0
    inttype: AE_INTERP_LINEAR
    fvalue1: 1
    fvalue2: 1
    fvalue3: 1
  }
  keytimes {
    datatype: AE_FLOAT_VECTOR_DATA
    timeOffset: 1
    inttype: AE_INTERP_LINEAR
    fvalue1: 1
    fvalue2: 1
    fvalue3: 1
  }
  keytimes {
    datatype: AE_FLOAT_VECTOR_DATA
    timeOffset: 1.3333334
    inttype: AE_INTERP_LINEAR
    fvalue1: 1.11
    fvalue2: 1.11
    fvalue3: 1
  }
  keytimes {
    datatype: AE_FLOAT_VECTOR_DATA
    timeOffset: 2
    inttype: AE_INTERP_LINEAR
    fvalue1: 1.11
    fvalue2: 1.11
    fvalue3: 1
  }
  keytimes {
    datatype: AE_FLOAT_VECTOR_DATA
    timeOffset: 2.3333333
    inttype: AE_INTERP_LINEAR
    fvalue1: 1
    fvalue2: 1
    fvalue3: 1
  }
  keytimes {
    datatype: AE_FLOAT_VECTOR_DATA
    timeOffset: 4
    inttype: AE_INTERP_LINEAR
    fvalue1: 1.11
    fvalue2: 1.11
    fvalue3: 1
  }
  keytimes {
    datatype: AE_FLOAT_VECTOR_DATA
    timeOffset: 4.1666665
    inttype: AE_INTERP_LINEAR
    fvalue1: 1.05
    fvalue2: 1.05
    fvalue3: 1
  }
  keytimes {
    datatype: AE_FLOAT_VECTOR_DATA
    timeOffset: 5
    inttype: AE_INTERP_LINEAR
    fvalue1: 1.05
    fvalue2: 1.05
    fvalue3: 1
  }
  keytimes {
    datatype: AE_FLOAT_VECTOR_DATA
    timeOffset: 5.1666665
    inttype: AE_INTERP_LINEAR
    fvalue1: 1.1
    fvalue2: 1.1
    fvalue3: 1
  }
  trackName: "Scale"
}
tracks {
  binding: IS_VISIBLE
  targetid: 199452
  targetname: "Icon-Profile-Focus.png"
  keytimes {
    datatype: AE_INT_DATA
    timeOffset: 0
    inttype: AE_INTERP_HOLD
    ivalue1: 1
  }
}
tracks {
  binding: POSITION
  targetid: 199452
  targetname: "Icon-Profile-Focus.png"
  keytimes {
    datatype: AE_FLOAT_VECTOR_DATA
    timeOffset: 0
    inttype: AE_INTERP_LINEAR
    fvalue1: 32
    fvalue2: 32.25
    fvalue3: 0
  }
  keytimes {
    datatype: AE_FLOAT_VECTOR_DATA
    timeOffset: 0.21666667
    inttype: AE_INTERP_LINEAR
    sInTangentX: -0
    sInTangentY: 0.041666668
    sInTangentZ: -0
    sOutTangentX: 0
    sOutTangentY: -0.041666668
    sOutTangentZ: 0
    fvalue1: 32
    fvalue2: 32.25
    fvalue3: 0
  }
  keytimes {
    datatype: AE_FLOAT_VECTOR_DATA
    timeOffset: 4
    inttype: AE_INTERP_LINEAR
    sInTangentX: -0
    sInTangentY: -0.29166666
    sInTangentZ: -0
    sOutTangentX: 0
    sOutTangentY: 0.29166666
    sOutTangentZ: 0
    fvalue1: 32
    fvalue2: 32
    fvalue3: 0
  }
  keytimes {
    datatype: AE_FLOAT_VECTOR_DATA
    timeOffset: 4.1666665
    inttype: AE_INTERP_LINEAR
    sInTangentX: -0
    sInTangentY: -0.33333334
    sInTangentZ: -0
    sOutTangentX: 0
    sOutTangentY: 0
    sOutTangentZ: 0
    fvalue1: 32
    fvalue2: 34
    fvalue3: 0
  }
  keytimes {
    datatype: AE_FLOAT_VECTOR_DATA
    timeOffset: 5
    inttype: AE_INTERP_LINEAR
    sInTangentX: 0
    sInTangentY: 0
    sInTangentZ: 0
    sOutTangentX: 0
    sOutTangentY: -0.33333334
    sOutTangentZ: 0
    fvalue1: 32
    fvalue2: 34
    fvalue3: 0
  }
  keytimes {
    datatype: AE_FLOAT_VECTOR_DATA
    timeOffset: 5.1666665
    inttype: AE_INTERP_LINEAR
    sInTangentX: -0
    sInTangentY: 0.33333334
    sInTangentZ: -0
    sOutTangentX: 0
    sOutTangentY: -0.33333334
    sOutTangentZ: 0
    fvalue1: 32
    fvalue2: 32
    fvalue3: 0
  }
  trackName: "Position"
}
tracks {
  binding: OPACITY
  targetid: 199452
  targetname: "Icon-Profile-Focus.png"
  keytimes {
    datatype: AE_FLOAT_DATA
    timeOffset: 0
    inttype: AE_INTERP_LINEAR
    fvalue1: 0
  }
  keytimes {
    datatype: AE_FLOAT_DATA
    timeOffset: 1
    inttype: AE_INTERP_LINEAR
    fvalue1: 0
  }
  keytimes {
    datatype: AE_FLOAT_DATA
    timeOffset: 1.3333334
    inttype: AE_INTERP_LINEAR
    fvalue1: 1
  }
  keytimes {
    datatype: AE_FLOAT_DATA
    timeOffset: 2
    inttype: AE_INTERP_LINEAR
    fvalue1: 1
  }
  keytimes {
    datatype: AE_FLOAT_DATA
    timeOffset: 2.3333333
    inttype: AE_INTERP_LINEAR
    fvalue1: 0
  }
  keytimes {
    datatype: AE_FLOAT_DATA
    timeOffset: 4
    inttype: AE_INTERP_LINEAR
    fvalue1: 1
  }
  keytimes {
    datatype: AE_FLOAT_DATA
    timeOffset: 4.1666665
    inttype: AE_INTERP_LINEAR
    fvalue1: 0.6
  }
  keytimes {
    datatype: AE_FLOAT_DATA
    timeOffset: 4.1833334
    inttype: AE_INTERP_LINEAR
    fvalue1: 0.6
  }
  keytimes {
    datatype: AE_FLOAT_DATA
    timeOffset: 5
    inttype: AE_INTERP_LINEAR
    fvalue1: 0.6
  }
  keytimes {
    datatype: AE_FLOAT_DATA
    timeOffset: 5.1666665
    inttype: AE_INTERP_LINEAR
    fvalue1: 0.97
  }
  trackName: "Opacity"
}
tracks {
  binding: SCALE
  targetid: 199452
  targetname: "Icon-Profile-Focus.png"
  keytimes {
    datatype: AE_FLOAT_VECTOR_DATA
    timeOffset: 0
    inttype: AE_INTERP_LINEAR
    fvalue1: 1
    fvalue2: 1
    fvalue3: 1
  }
  keytimes {
    datatype: AE_FLOAT_VECTOR_DATA
    timeOffset: 1
    inttype: AE_INTERP_LINEAR
    fvalue1: 1
    fvalue2: 1
    fvalue3: 1
  }
  keytimes {
    datatype: AE_FLOAT_VECTOR_DATA
    timeOffset: 1.3333334
    inttype: AE_INTERP_LINEAR
    fvalue1: 1.11
    fvalue2: 1.11
    fvalue3: 1
  }
  keytimes {
    datatype: AE_FLOAT_VECTOR_DATA
    timeOffset: 2
    inttype: AE_INTERP_LINEAR
    fvalue1: 1.11
    fvalue2: 1.11
    fvalue3: 1
  }
  keytimes {
    datatype: AE_FLOAT_VECTOR_DATA
    timeOffset: 2.3333333
    inttype: AE_INTERP_LINEAR
    fvalue1: 1
    fvalue2: 1
    fvalue3: 1
  }
  keytimes {
    datatype: AE_FLOAT_VECTOR_DATA
    timeOffset: 4
    inttype: AE_INTERP_LINEAR
    fvalue1: 1.11
    fvalue2: 1.11
    fvalue3: 1
  }
  keytimes {
    datatype: AE_FLOAT_VECTOR_DATA
    timeOffset: 4.1666665
    inttype: AE_INTERP_LINEAR
    fvalue1: 1.05
    fvalue2: 1.05
    fvalue3: 1
  }
  keytimes {
    datatype: AE_FLOAT_VECTOR_DATA
    timeOffset: 5
    inttype: AE_INTERP_LINEAR
    fvalue1: 1.05
    fvalue2: 1.05
    fvalue3: 1
  }
  keytimes {
    datatype: AE_FLOAT_VECTOR_DATA
    timeOffset: 5.1666665
    inttype: AE_INTERP_LINEAR
    fvalue1: 1.1
    fvalue2: 1.1
    fvalue3: 1
  }
  trackName: "Scale"
}
markers {
  starttime: 1
  duration: 0.33333334
  name: "FocusIn"
  tracksSelection {
    targetid: 199451
    binding: OPACITY
  }
  tracksSelection {
    targetid: 199451
    binding: SCALE
  }
  tracksSelection {
    targetid: 199452
    binding: OPACITY
  }
  tracksSelection {
    targetid: 199452
    binding: SCALE
  }
  alltracks: false
  id: 21
  looping: false
}
markers {
  starttime: 2
  duration: 0.33333334
  name: "FocusOut"
  tracksSelection {
    targetid: 199451
    binding: OPACITY
  }
  tracksSelection {
    targetid: 199451
    binding: SCALE
  }
  tracksSelection {
    targetid: 199452
    binding: OPACITY
  }
  tracksSelection {
    targetid: 199452
    binding: SCALE
  }
  alltracks: false
  id: 22
  looping: false
}
markers {
  starttime: 4
  duration: 0.16666667
  name: "Press"
  tracksSelection {
    targetid: 199451
    binding: POSITION
  }
  tracksSelection {
    targetid: 199451
    binding: OPACITY
  }
  tracksSelection {
    targetid: 199451
    binding: SCALE
  }
  tracksSelection {
    targetid: 199452
    binding: POSITION
  }
  tracksSelection {
    targetid: 199452
    binding: OPACITY
  }
  tracksSelection {
    targetid: 199452
    binding: SCALE
  }
  alltracks: false
  id: 18
  looping: false
}
markers {
  starttime: 5
  duration: 0.16666667
  name: "Release"
  tracksSelection {
    targetid: 199451
    binding: POSITION
  }
  tracksSelection {
    targetid: 199451
    binding: OPACITY
  }
  tracksSelection {
    targetid: 199451
    binding: SCALE
  }
  tracksSelection {
    targetid: 199452
    binding: POSITION
  }
  tracksSelection {
    targetid: 199452
    binding: OPACITY
  }
  tracksSelection {
    targetid: 199452
    binding: SCALE
  }
  alltracks: false
  id: 19
  looping: false
}
