activecomp {
  name: "Lander_Poster"
  width: 600
  height: 800
  defaultcameradistance: 833.33331
  layer {
    name: "asset-shadow.png"
    id: 65397
    sourceid: 65325
    transform {
      anchorPoint {
        x: 191.5
        y: 272
        z: 0
      }
      scale {
        x: 1.69
        y: 1.69
        z: 1
      }
      position {
        x: 300
        y: 400
        z: 0
      }
      orientation {
        x: 0
        y: 0
        z: 0
      }
      rotationX: 0
      rotationY: 0
      rotationZ: 0
      opacity: 0
    }
    acceptsshadows: true
    acceptslights: true
    castsshadows: false
  }
  layer {
    name: "Container-Image"
    id: 65398
    sourceid: 65411
    transform {
      anchorPoint {
        x: 266.5
        y: 400
        z: 0
      }
      scale {
        x: 0.9
        y: 0.9
        z: 1
      }
      position {
        x: 300
        y: 400
        z: 0
      }
      orientation {
        x: 0
        y: 0
        z: 0
      }
      rotationX: 0
      rotationY: 0
      rotationZ: 0
      opacity: 1
    }
    acceptsshadows: true
    acceptslights: true
    castsshadows: false
  }
  layer {
    name: "Overlay"
    id: 65399
    sourceid: 65427
    transform {
      anchorPoint {
        x: 266.5
        y: 400
        z: 0
      }
      scale {
        x: 1
        y: 1
        z: 1
      }
      position {
        x: 266
        y: 400
        z: 0
      }
      orientation {
        x: 0
        y: 0
        z: 0
      }
      rotationX: 0
      rotationY: 0
      rotationZ: 0
      opacity: 0
    }
    acceptsshadows: true
    acceptslights: true
    castsshadows: false
    parentid: 65398
  }
  classname: "CYIPushButtonView"
  bgcolor {
    alpha: 1
    red: 0.086274509803921567
    green: 0.11372549019607843
    blue: 0.14509803921568629
  }
  properties {
    key: "componentSubtype"
    value: "push"
  }
  properties {
    key: "componentType"
    value: "button"
  }
  properties {
    key: "clip"
    value: "false"
  }
  childtemplates: "Lander_Container-Image"
}
sources {
  uid: 65325
  srctype: AE_IMAGE_SRC
  name: "asset-shadow.png"
  width: 383
  height: 544
  numberOfFrames: 1
  fps: 0
  loops: 1
  copy_source: true
}
sources {
  uid: 65411
  srctype: AE_COMP_SRC
  name: "Lander_Container-Image.layout"
  width: 533
  height: 800
  copy_source: true
}
sources {
  uid: 65427
  srctype: AE_SOLID_SRC
  color {
    alpha: 1
    red: 0
    green: 0
    blue: 0
  }
  width: 533
  height: 800
  copy_source: false
}
