activecomp {
  name: "Lander_Poster-Container"
  width: 480
  height: 640
  defaultcameradistance: 666.66669
  layer {
    name: "Poster"
    id: 15012790
    sourceid: 65397
    transform {
      anchorPoint {
        x: 300
        y: 400
        z: 0
      }
      scale {
        x: 0.8
        y: 0.8
        z: 1
      }
      position {
        x: 240
        y: 320
        z: 0
      }
      orientation {
        x: 0
        y: 0
        z: 0
      }
      rotationX: 0
      rotationY: 0
      rotationZ: 0
      opacity: 1
    }
    acceptsshadows: true
    acceptslights: true
    castsshadows: false
  }
  bgcolor {
    alpha: 1
    red: 0.086274509803921567
    green: 0.11372549019607843
    blue: 0.14509803921568629
  }
  childtemplates: "Lander_Poster"
}
sources {
  uid: 65397
  srctype: AE_COMP_SRC
  name: "Lander_Poster.layout"
  width: 600
  height: 800
  copy_source: true
}
