tracks {
  binding: IS_VISIBLE
  targetid: 1
  targetname: "Dark Turquoise Solid 1"
  keytimes {
    datatype: AE_INT_DATA
    timeOffset: 0
    inttype: AE_INTERP_HOLD
    ivalue1: 1
  }
}
tracks {
  binding: OPACITY
  targetid: 1
  targetname: "Dark Turquoise Solid 1"
  keytimes {
    datatype: AE_FLOAT_DATA
    timeOffset: 0
    inttype: AE_INTERP_LINEAR
    fvalue1: 0
  }
  keytimes {
    datatype: AE_FLOAT_DATA
    timeOffset: 1.001001
    inttype: AE_INTERP_LINEAR
    fvalue1: 0
  }
  keytimes {
    datatype: AE_FLOAT_DATA
    timeOffset: 2.002002
    inttype: AE_INTERP_LINEAR
    fvalue1: 1
  }
  trackName: "Opacity"
}
tracks {
  binding: IS_VISIBLE
  targetid: 2
  targetname: "DismissButton"
  keytimes {
    datatype: AE_INT_DATA
    timeOffset: 0
    inttype: AE_INTERP_HOLD
    ivalue1: 1
  }
  keytimes {
    datatype: AE_INT_DATA
    timeOffset: 30
    inttype: AE_INTERP_HOLD
    ivalue1: 0
  }
}
markers {
  starttime: 1.001001
  duration: 1.001
  name: "FocusIn"
  tracksSelection {
    targetid: 1
    binding: OPACITY
  }
  alltracks: false
  id: 21
  looping: false
}
