activecomp {
  name: "Modal_Main"
  width: 1920
  height: 1080
  defaultcameradistance: 2666.6667
  layer {
    name: "Dark Turquoise Solid 1"
    id: 1
    sourceid: 72
    transform {
      anchorPoint {
        x: 960
        y: 540
        z: 0
      }
      scale {
        x: 1
        y: 1
        z: 1
      }
      position {
        x: 960
        y: 540
        z: 0
      }
      orientation {
        x: 0
        y: 0
        z: 0
      }
      rotationX: 0
      rotationY: 0
      rotationZ: 0
      opacity: 0
    }
    acceptsshadows: true
    acceptslights: true
    castsshadows: false
  }
  layer {
    name: "DismissButton"
    id: 2
    sourceid: 12
    transform {
      anchorPoint {
        x: 171
        y: 33
        z: 0
      }
      scale {
        x: 2
        y: 2
        z: 1
      }
      position {
        x: 960
        y: 540
        z: 0
      }
      orientation {
        x: 0
        y: 0
        z: 0
      }
      rotationX: 0
      rotationY: 0
      rotationZ: 0
      opacity: 1
    }
    acceptsshadows: true
    acceptslights: true
    castsshadows: false
  }
  bgcolor {
    alpha: 1
    red: 0
    green: 0
    blue: 0
  }
  childtemplates: "Modal_Component-Push Button"
}
sources {
  uid: 72
  srctype: AE_SOLID_SRC
  color {
    alpha: 1
    red: 0.11970377713441849
    green: 0.14514400064945221
    blue: 0.13534905016422272
  }
  width: 1920
  height: 1080
  copy_source: false
}
sources {
  uid: 12
  srctype: AE_COMP_SRC
  name: "Modal_Component-Push Button.layout"
  width: 342
  height: 66
  copy_source: true
}
