activecomp {
  name: "PDP_Image-2x3"
  width: 533
  height: 800
  defaultcameradistance: 740.27777
  layer {
    name: "ImageNode"
    id: 65099
    sourceid: 65097
    transform {
      anchorPoint {
        x: 266.5
        y: 400
        z: 0
      }
      scale {
        x: 1
        y: 1
        z: 1
      }
      position {
        x: 266
        y: 400
        z: 0
      }
      orientation {
        x: 0
        y: 0
        z: 0
      }
      rotationX: 0
      rotationY: 0
      rotationZ: 0
      opacity: 1
    }
    acceptsshadows: true
    acceptslights: true
    castsshadows: false
  }
  classname: "CYIImageView"
  bgcolor {
    alpha: 1
    red: 0.8784313725490196
    green: 0.8784313725490196
    blue: 0.8784313725490196
  }
  properties {
    key: "componentType"
    value: "image"
  }
}
sources {
  uid: 65097
  srctype: AE_SOLID_SRC
  color {
    alpha: 1
    red: 0.20392157137393951
    green: 0.20784313976764679
    blue: 0.20784313976764679
  }
  width: 533
  height: 800
  copy_source: false
}
