activecomp {
  name: "PDP_controls"
  width: 1280
  height: 100
  defaultcameradistance: 1777.7778
  layer {
    name: "Btn-Next"
    id: 65185
    sourceid: 65131
    transform {
      anchorPoint {
        x: 150
        y: 50
        z: 0
      }
      scale {
        x: 1
        y: 1
        z: 1
      }
      position {
        x: 1066
        y: 50
        z: 0
      }
      orientation {
        x: 0
        y: 0
        z: 0
      }
      rotationX: 0
      rotationY: 0
      rotationZ: 0
      opacity: 1
    }
    acceptsshadows: true
    acceptslights: true
    castsshadows: false
  }
  layer {
    name: "Btn-Play-Older"
    id: 65186
    sourceid: 65380
    transform {
      anchorPoint {
        x: 150
        y: 50
        z: 0
      }
      scale {
        x: 1
        y: 1
        z: 1
      }
      position {
        x: 640
        y: 50
        z: 0
      }
      orientation {
        x: 0
        y: 0
        z: 0
      }
      rotationX: 0
      rotationY: 0
      rotationZ: 0
      opacity: 1
    }
    acceptsshadows: true
    acceptslights: true
    castsshadows: false
  }
  layer {
    name: "Btn-Previous"
    id: 65187
    sourceid: 65154
    transform {
      anchorPoint {
        x: 150
        y: 50
        z: 0
      }
      scale {
        x: 1
        y: 1
        z: 1
      }
      position {
        x: 214
        y: 50
        z: 0
      }
      orientation {
        x: 0
        y: 0
        z: 0
      }
      rotationX: 0
      rotationY: 0
      rotationZ: 0
      opacity: 1
    }
    acceptsshadows: true
    acceptslights: true
    castsshadows: false
  }
  bgcolor {
    alpha: 1
    red: 0.8784313725490196
    green: 0.8784313725490196
    blue: 0.8784313725490196
  }
  childtemplates: "PDP_Btn-Next"
  childtemplates: "PDP_Btn-Play-Older"
  childtemplates: "PDP_Btn-Previous"
}
sources {
  uid: 65131
  srctype: AE_COMP_SRC
  name: "PDP_Btn-Next.layout"
  width: 300
  height: 100
  copy_source: true
}
sources {
  uid: 65380
  srctype: AE_COMP_SRC
  name: "PDP_Btn-Play-Older.layout"
  width: 300
  height: 100
  copy_source: true
}
sources {
  uid: 65154
  srctype: AE_COMP_SRC
  name: "PDP_Btn-Previous.layout"
  width: 300
  height: 100
  copy_source: true
}
