activecomp {
  name: "PDP_Btn-Poster"
  width: 500
  height: 750
  defaultcameradistance: 694.44446
  layer {
    name: "asset-shadow.png"
    id: 65461
    sourceid: 65325
    transform {
      anchorPoint {
        x: 191.5
        y: 272
        z: 0
      }
      scale {
        x: 1.26
        y: 1.26
        z: 1
      }
      position {
        x: 250
        y: 375
        z: 0
      }
      orientation {
        x: 0
        y: 0
        z: 0
      }
      rotationX: 0
      rotationY: 0
      rotationZ: 0
      opacity: 0
    }
    acceptsshadows: true
    acceptslights: true
    castsshadows: false
  }
  layer {
    name: "Image-2x3"
    id: 65462
    sourceid: 65099
    transform {
      anchorPoint {
        x: 266.5
        y: 400
        z: 0
      }
      scale {
        x: 1.26
        y: 1.26
        z: 1
      }
      position {
        x: 250
        y: 375
        z: 0
      }
      orientation {
        x: 0
        y: 0
        z: 0
      }
      rotationX: 0
      rotationY: 0
      rotationZ: 0
      opacity: 1
    }
    acceptsshadows: true
    acceptslights: true
    castsshadows: false
  }
  classname: "CYIPushButtonView"
  bgcolor {
    alpha: 1
    red: 0.086274509803921567
    green: 0.11372549019607843
    blue: 0.14509803921568629
  }
  properties {
    key: "componentSubtype"
    value: "push"
  }
  properties {
    key: "componentType"
    value: "button"
  }
  childtemplates: "PDP_Image-2x3"
}
sources {
  uid: 65325
  srctype: AE_IMAGE_SRC
  name: "asset-shadow.png"
  width: 383
  height: 544
  numberOfFrames: 1
  fps: 0
  loops: 1
  copy_source: true
}
sources {
  uid: 65099
  srctype: AE_COMP_SRC
  name: "PDP_Image-2x3.layout"
  width: 533
  height: 800
  copy_source: true
}
