activecomp {
  name: "PDP_Image-16x9"
  width: 1920
  height: 1080
  defaultcameradistance: 2666.6667
  layer {
    name: "ImageNode"
    id: 65112
    sourceid: 65095
    transform {
      anchorPoint {
        x: 960
        y: 540
        z: 0
      }
      scale {
        x: 1
        y: 1
        z: 1
      }
      position {
        x: 960
        y: 540
        z: 0
      }
      orientation {
        x: 0
        y: 0
        z: 0
      }
      rotationX: 0
      rotationY: 0
      rotationZ: 0
      opacity: 1
    }
    acceptsshadows: true
    acceptslights: true
    castsshadows: false
  }
  classname: "CYIImageView"
  bgcolor {
    alpha: 1
    red: 0.8784313725490196
    green: 0.8784313725490196
    blue: 0.8784313725490196
  }
  properties {
    key: "componentType"
    value: "image"
  }
}
sources {
  uid: 65095
  srctype: AE_SOLID_SRC
  color {
    alpha: 1
    red: 0.086274512112140656
    green: 0.11372549086809158
    blue: 0.14509804546833038
  }
  width: 1920
  height: 1080
  copy_source: false
}
