activecomp {
  name: "PDP_Btn-Next"
  width: 300
  height: 100
  defaultcameradistance: 416.66666
  layer {
    name: "btn-bg.png"
    id: 65131
    sourceid: 65206
    transform {
      anchorPoint {
        x: 95
        y: 40
        z: 0
      }
      scale {
        x: 1
        y: 1
        z: 1
      }
      position {
        x: 150
        y: 50
        z: 0
      }
      orientation {
        x: 0
        y: 0
        z: 0
      }
      rotationX: 0
      rotationY: 0
      rotationZ: 0
      opacity: 0
    }
    acceptsshadows: true
    acceptslights: true
    castsshadows: false
  }
  layer {
    name: "Next"
    id: 65132
    sourceid: -1
    transform {
      anchorPoint {
        x: 1
        y: -6.1
        z: 0
      }
      scale {
        x: 1
        y: 1
        z: 1
      }
      position {
        x: 150.16693
        y: 50.597084
        z: 0
      }
      orientation {
        x: 0
        y: 0
        z: 0
      }
      rotationX: 0
      rotationY: 0
      rotationZ: 0
      opacity: 1
    }
    acceptsshadows: true
    acceptslights: true
    castsshadows: false
    textinfo {
      justification: AE_TEXT_CENTER
      fontSize: 19
      fontColor {
        alpha: 1
        red: 0.94510000944137573
        green: 0.94510000944137573
        blue: 0.94510000944137573
      }
      fontName: "Montserrat-Regular"
      isPointText: true
      isLabel: true
      text: "Next"
      multiline: false
      isAllCaps: true
    }
    classname: "CYISDFAtlasTextSceneNode"
  }
  layer {
    name: "Next 2"
    id: 65133
    sourceid: -1
    transform {
      anchorPoint {
        x: 1
        y: -6.1
        z: 0
      }
      scale {
        x: 1
        y: 1
        z: 1
      }
      position {
        x: 150.16693
        y: 50.597084
        z: 0
      }
      orientation {
        x: 0
        y: 0
        z: 0
      }
      rotationX: 0
      rotationY: 0
      rotationZ: 0
      opacity: 0
    }
    acceptsshadows: true
    acceptslights: true
    castsshadows: false
    textinfo {
      justification: AE_TEXT_CENTER
      fontSize: 19
      fontColor {
        alpha: 1
        red: 0.84706008434295654
        green: 0.6470600962638855
        blue: 0.24314001202583313
      }
      fontName: "Montserrat-Regular"
      isPointText: true
      isLabel: true
      text: "Next"
      multiline: false
      isAllCaps: true
    }
    classname: "CYISDFAtlasTextSceneNode"
  }
  classname: "CYIPushButtonView"
  bgcolor {
    alpha: 1
    red: 0.8784313725490196
    green: 0.8784313725490196
    blue: 0.8784313725490196
  }
  properties {
    key: "componentSubtype"
    value: "push"
  }
  properties {
    key: "componentType"
    value: "button"
  }
}
sources {
  uid: 65206
  srctype: AE_IMAGE_SRC
  name: "btn-bg.png"
  width: 190
  height: 80
  numberOfFrames: 1
  fps: 0
  loops: 1
  copy_source: true
}
sources {
  uid: 2
  srctype: AE_FONT_SRC
  name: "Montserrat-Regular"
  copy_source: true
  file_name: "yi_Montserrat-Regular.otf"
}
