activecomp {
  name: "PDP_Main"
  width: 1920
  height: 1080
  defaultcameradistance: 2666.6667
  layer {
    name: "Background"
    id: 65080
    sourceid: 65479
    transform {
      anchorPoint {
        x: 960
        y: 540
        z: 0
      }
      scale {
        x: 1
        y: 1
        z: 1
      }
      position {
        x: 960
        y: 540
        z: 0
      }
      orientation {
        x: 0
        y: 0
        z: 0
      }
      rotationX: 0
      rotationY: 0
      rotationZ: 0
      opacity: 1
    }
    acceptsshadows: true
    acceptslights: true
    castsshadows: false
  }
  layer {
    name: "Image-16x9"
    id: 65081
    sourceid: 65112
    transform {
      anchorPoint {
        x: 960
        y: 540
        z: 0
      }
      scale {
        x: 1.1
        y: 1.1
        z: 1
      }
      position {
        x: 960
        y: 540
        z: 0
      }
      orientation {
        x: 0
        y: 0
        z: 0
      }
      rotationX: 0
      rotationY: 0
      rotationZ: 0
      opacity: 0
    }
    acceptsshadows: true
    acceptslights: true
    castsshadows: false
  }
  layer {
    name: "gradient-bg.png"
    id: 65082
    sourceid: 65323
    transform {
      anchorPoint {
        x: 640
        y: 0.5
        z: 0
      }
      scale {
        x: 1.5
        y: 1080
        z: 1
      }
      position {
        x: 960
        y: 540
        z: 0
      }
      orientation {
        x: 0
        y: 0
        z: 0
      }
      rotationX: 0
      rotationY: 0
      rotationZ: 0
      opacity: 0
    }
    acceptsshadows: true
    acceptslights: true
    castsshadows: false
  }
  layer {
    name: "Btn-Play"
    id: 65083
    sourceid: 65396
    transform {
      anchorPoint {
        x: 360
        y: 540
        z: 0
      }
      scale {
        x: 1
        y: 1
        z: 1
      }
      position {
        x: 421.15887
        y: 579
        z: 0
      }
      orientation {
        x: 0
        y: 0
        z: 0
      }
      rotationX: 0
      rotationY: 0
      rotationZ: 0
      opacity: 0
    }
    acceptsshadows: true
    acceptslights: true
    castsshadows: false
  }
  layer {
    name: "Poster4"
    id: 65084
    sourceid: 65461
    transform {
      anchorPoint {
        x: 250
        y: 375
        z: 0
      }
      scale {
        x: 0.3
        y: 0.3
        z: 1
      }
      position {
        x: 1578.1589
        y: 827
        z: 0
      }
      orientation {
        x: 0
        y: 0
        z: 0
      }
      rotationX: 0
      rotationY: 0
      rotationZ: 0
      opacity: 0
    }
    acceptsshadows: true
    acceptslights: true
    castsshadows: false
    parentid: 65097
  }
  layer {
    name: "Poster3"
    id: 65085
    sourceid: 65461
    transform {
      anchorPoint {
        x: 250
        y: 375
        z: 0
      }
      scale {
        x: 0.3
        y: 0.3
        z: 1
      }
      position {
        x: 1352.1589
        y: 827
        z: 0
      }
      orientation {
        x: 0
        y: 0
        z: 0
      }
      rotationX: 0
      rotationY: 0
      rotationZ: 0
      opacity: 0
    }
    acceptsshadows: true
    acceptslights: true
    castsshadows: false
    parentid: 65097
  }
  layer {
    name: "Poster2"
    id: 65086
    sourceid: 65461
    transform {
      anchorPoint {
        x: 250
        y: 375
        z: 0
      }
      scale {
        x: 0.3
        y: 0.3
        z: 1
      }
      position {
        x: 1126.1589
        y: 827
        z: 0
      }
      orientation {
        x: 0
        y: 0
        z: 0
      }
      rotationX: 0
      rotationY: 0
      rotationZ: 0
      opacity: 0
    }
    acceptsshadows: true
    acceptslights: true
    castsshadows: false
    parentid: 65097
  }
  layer {
    name: "Poster1"
    id: 65087
    sourceid: 65461
    transform {
      anchorPoint {
        x: 250
        y: 375
        z: 0
      }
      scale {
        x: 0.3
        y: 0.3
        z: 1
      }
      position {
        x: 900.15887
        y: 827
        z: 0
      }
      orientation {
        x: 0
        y: 0
        z: 0
      }
      rotationX: 0
      rotationY: 0
      rotationZ: 0
      opacity: 0
    }
    acceptsshadows: true
    acceptslights: true
    castsshadows: false
    parentid: 65097
  }
  layer {
    name: "MoreLikeThis"
    id: 65088
    sourceid: -1
    transform {
      anchorPoint {
        x: 303
        y: 82
        z: 0
      }
      scale {
        x: 1
        y: 1
        z: 1
      }
      position {
        x: 1101.4089
        y: 716.40033
        z: 0
      }
      orientation {
        x: 0
        y: 0
        z: 0
      }
      rotationX: 0
      rotationY: 0
      rotationZ: 0
      opacity: 0
    }
    acceptsshadows: true
    acceptslights: true
    castsshadows: false
    textinfo {
      justification: AE_TEXT_LEFT
      fontSize: 24
      fontColor {
        alpha: 1
        red: 0.83528995513916016
        green: 0.63528996706008911
        blue: 0.24314001202583313
      }
      fontName: "Montserrat-Bold"
      isPointText: false
      boundsWidth: 273
      boundsHeight: 35
      isLabel: true
      text: "More Like This"
      multiline: true
      isAllCaps: false
    }
  }
  layer {
    name: "MoreLikeThis-NotFound"
    id: 65089
    sourceid: -1
    transform {
      anchorPoint {
        x: 303
        y: 82
        z: 0
      }
      scale {
        x: 1
        y: 1
        z: 1
      }
      position {
        x: 1131
        y: 864.18878
        z: 0
      }
      orientation {
        x: 0
        y: 0
        z: 0
      }
      rotationX: 0
      rotationY: 0
      rotationZ: 0
      opacity: 0
    }
    acceptsshadows: true
    acceptslights: true
    castsshadows: false
    textinfo {
      justification: AE_TEXT_LEFT
      fontSize: 24
      fontColor {
        alpha: 1
        red: 0.39497002959251404
        green: 0.40047001838684082
        blue: 0.46961003541946411
      }
      fontName: "Montserrat-Light"
      isPointText: false
      boundsWidth: 483
      boundsHeight: 38
      isLabel: true
      text: "No similar movies were found for this title. "
      multiline: true
      isAllCaps: false
    }
  }
  layer {
    name: "Body-Text"
    id: 65090
    sourceid: -1
    transform {
      anchorPoint {
        x: 303
        y: 82
        z: 0
      }
      scale {
        x: 1
        y: 1
        z: 1
      }
      position {
        x: 1102.923
        y: 521.16931
        z: 0
      }
      orientation {
        x: 0
        y: 0
        z: 0
      }
      rotationX: 0
      rotationY: 0
      rotationZ: 0
      opacity: 0
    }
    acceptsshadows: true
    acceptslights: true
    castsshadows: false
    textinfo {
      justification: AE_TEXT_LEFT
      fontSize: 24
      fontColor {
        alpha: 1
        red: 0.94510000944137573
        green: 0.94510000944137573
        blue: 0.94510000944137573
      }
      fontName: "Montserrat-Light"
      isPointText: false
      boundsWidth: 919
      boundsHeight: 172
      isLabel: true
      text: ""
      multiline: true
      ellipsis: true
      isAllCaps: false
    }
    properties {
      key: "text-placeholder"
      value: "true"
    }
    properties {
      key: "text-overflow"
      value: "ellipsis"
    }
  }
  layer {
    name: "Stars"
    id: 65091
    sourceid: -1
    transform {
      anchorPoint {
        x: 303
        y: 82
        z: 0
      }
      scale {
        x: 1
        y: 1
        z: 1
      }
      position {
        x: 1166.4089
        y: 438.4003
        z: 0
      }
      orientation {
        x: 0
        y: 0
        z: 0
      }
      rotationX: 0
      rotationY: 0
      rotationZ: 0
      opacity: 0
    }
    acceptsshadows: true
    acceptslights: true
    castsshadows: false
    textinfo {
      justification: AE_TEXT_LEFT
      fontSize: 18
      fontColor {
        alpha: 1
        red: 0.94510000944137573
        green: 0.94510000944137573
        blue: 0.94510000944137573
      }
      fontName: "Montserrat-Regular"
      isPointText: false
      boundsWidth: 562
      boundsHeight: 20
      isLabel: true
      text: ""
      multiline: true
      ellipsis: true
      isAllCaps: false
    }
    properties {
      key: "text-placeholder"
      value: "true"
    }
    properties {
      key: "text-overflow"
      value: "ellipsis"
    }
  }
  layer {
    name: "Stars-Static"
    id: 65092
    sourceid: -1
    transform {
      anchorPoint {
        x: 303
        y: 82
        z: 0
      }
      scale {
        x: 1
        y: 1
        z: 1
      }
      position {
        x: 1101.4089
        y: 438.4003
        z: 0
      }
      orientation {
        x: 0
        y: 0
        z: 0
      }
      rotationX: 0
      rotationY: 0
      rotationZ: 0
      opacity: 0
    }
    acceptsshadows: true
    acceptslights: true
    castsshadows: false
    textinfo {
      justification: AE_TEXT_LEFT
      fontSize: 18
      fontColor {
        alpha: 1
        red: 0.85490000247955322
        green: 0.6470600962638855
        blue: 0.24706001579761505
      }
      fontName: "Montserrat-Bold"
      isPointText: false
      boundsWidth: 71
      boundsHeight: 20
      isLabel: true
      text: "Stars:"
      multiline: true
      isAllCaps: false
    }
  }
  layer {
    name: "Director"
    id: 65093
    sourceid: -1
    transform {
      anchorPoint {
        x: 303
        y: 82
        z: 0
      }
      scale {
        x: 1
        y: 1
        z: 1
      }
      position {
        x: 1189.4089
        y: 413.4003
        z: 0
      }
      orientation {
        x: 0
        y: 0
        z: 0
      }
      rotationX: 0
      rotationY: 0
      rotationZ: 0
      opacity: 0
    }
    acceptsshadows: true
    acceptslights: true
    castsshadows: false
    textinfo {
      justification: AE_TEXT_LEFT
      fontSize: 18
      fontColor {
        alpha: 1
        red: 0.94510000944137573
        green: 0.94510000944137573
        blue: 0.94510000944137573
      }
      fontName: "Montserrat-Regular"
      isPointText: false
      boundsWidth: 562
      boundsHeight: 20
      isLabel: true
      text: ""
      multiline: true
      ellipsis: true
      isAllCaps: false
    }
    properties {
      key: "text-placeholder"
      value: "true"
    }
    properties {
      key: "text-overflow"
      value: "ellipsis"
    }
  }
  layer {
    name: "Director-Static"
    id: 65094
    sourceid: -1
    transform {
      anchorPoint {
        x: 303
        y: 82
        z: 0
      }
      scale {
        x: 1
        y: 1
        z: 1
      }
      position {
        x: 1101.4089
        y: 413.4003
        z: 0
      }
      orientation {
        x: 0
        y: 0
        z: 0
      }
      rotationX: 0
      rotationY: 0
      rotationZ: 0
      opacity: 0
    }
    acceptsshadows: true
    acceptslights: true
    castsshadows: false
    textinfo {
      justification: AE_TEXT_LEFT
      fontSize: 18
      fontColor {
        alpha: 1
        red: 0.85490000247955322
        green: 0.6470600962638855
        blue: 0.24706001579761505
      }
      fontName: "Montserrat-Bold"
      isPointText: false
      boundsWidth: 77
      boundsHeight: 20
      isLabel: true
      text: "Director: "
      multiline: true
      isAllCaps: false
    }
  }
  layer {
    name: "Details-Text"
    id: 65095
    sourceid: -1
    transform {
      anchorPoint {
        x: 303
        y: 82
        z: 0
      }
      scale {
        x: 1
        y: 1
        z: 1
      }
      position {
        x: 1101.4089
        y: 358.4003
        z: 0
      }
      orientation {
        x: 0
        y: 0
        z: 0
      }
      rotationX: 0
      rotationY: 0
      rotationZ: 0
      opacity: 0
    }
    acceptsshadows: true
    acceptslights: true
    castsshadows: false
    textinfo {
      justification: AE_TEXT_LEFT
      fontSize: 24
      fontColor {
        alpha: 1
        red: 0.85490000247955322
        green: 0.6470600962638855
        blue: 0.24706001579761505
      }
      fontName: "Montserrat-Bold"
      isPointText: false
      boundsWidth: 562
      boundsHeight: 20
      isLabel: true
      text: ""
      multiline: true
      ellipsis: true
      isAllCaps: false
    }
    properties {
      key: "text-placeholder"
      value: "true"
    }
    properties {
      key: "text-overflow"
      value: "ellipsis"
    }
  }
  layer {
    name: "Title-Text"
    id: 65096
    sourceid: -1
    transform {
      anchorPoint {
        x: 303
        y: 82
        z: 0
      }
      scale {
        x: 1
        y: 1
        z: 1
      }
      position {
        x: 1100.6199
        y: 267.58551
        z: 0
      }
      orientation {
        x: 0
        y: 0
        z: 0
      }
      rotationX: 0
      rotationY: 0
      rotationZ: 0
      opacity: 0
    }
    acceptsshadows: true
    acceptslights: true
    castsshadows: false
    textinfo {
      justification: AE_TEXT_LEFT
      fontSize: 54
      fontColor {
        alpha: 1
        red: 0.94510000944137573
        green: 0.94510000944137573
        blue: 0.94510000944137573
      }
      fontName: "Montserrat-Bold"
      isPointText: false
      boundsWidth: 921
      boundsHeight: 53
      isLabel: true
      text: ""
      multiline: true
      ellipsis: true
      isAllCaps: true
    }
    properties {
      key: "text-placeholder"
      value: "true"
    }
    properties {
      key: "text-overflow"
      value: "ellipsis"
    }
  }
  layer {
    name: "ListAnchor"
    id: 65097
    sourceid: 29763383
    transform {
      anchorPoint {
        x: 0
        y: 0
        z: 0
      }
      scale {
        x: 1
        y: 1
        z: 1
      }
      position {
        x: 0
        y: 0
        z: 0
      }
      orientation {
        x: 0
        y: 0
        z: 0
      }
      rotationX: 0
      rotationY: 0
      rotationZ: 0
      opacity: 1
    }
    acceptsshadows: true
    acceptslights: true
    castsshadows: false
  }
  bgcolor {
    alpha: 1
    red: 0.086274509803921567
    green: 0.11372549019607843
    blue: 0.14509803921568629
  }
  childtemplates: "PDP_Image-16x9"
  childtemplates: "PDP_Btn-Play"
  childtemplates: "PDP_Btn-Poster"
}
sources {
  uid: 65479
  srctype: AE_SOLID_SRC
  color {
    alpha: 1
    red: 0.086274512112140656
    green: 0.11372549086809158
    blue: 0.14509804546833038
  }
  width: 1920
  height: 1080
  copy_source: false
}
sources {
  uid: 65112
  srctype: AE_COMP_SRC
  name: "PDP_Image-16x9.layout"
  width: 1920
  height: 1080
  copy_source: true
}
sources {
  uid: 65323
  srctype: AE_IMAGE_SRC
  name: "gradient-bg.png"
  width: 1280
  height: 1
  numberOfFrames: 1
  fps: 0
  loops: 1
  copy_source: true
}
sources {
  uid: 65396
  srctype: AE_COMP_SRC
  name: "PDP_Btn-Play.layout"
  width: 720
  height: 1080
  copy_source: true
}
sources {
  uid: 65461
  srctype: AE_COMP_SRC
  name: "PDP_Btn-Poster.layout"
  width: 500
  height: 750
  copy_source: true
}
sources {
  uid: 6
  srctype: AE_FONT_SRC
  name: "Montserrat-Bold"
  copy_source: true
  file_name: "yi_Montserrat-Bold.otf"
}
sources {
  uid: 7
  srctype: AE_FONT_SRC
  name: "Montserrat-Light"
  copy_source: true
  file_name: "yi_Montserrat-Light.otf"
}
sources {
  uid: 8
  srctype: AE_FONT_SRC
  name: "Montserrat-Regular"
  copy_source: true
  file_name: "yi_Montserrat-Regular.otf"
}
sources {
  uid: 29763383
  srctype: AE_NULL_SRC
  width: 100
  height: 100
  copy_source: false
}
