tracks {
  binding: IS_VISIBLE
  targetid: 2623
  targetname: "Btn-FastForward"
  keytimes {
    datatype: AE_INT_DATA
    timeOffset: 0
    inttype: AE_INTERP_HOLD
    ivalue1: 1
  }
}
tracks {
  binding: OPACITY
  targetid: 2623
  targetname: "Btn-FastForward"
  keytimes {
    datatype: AE_FLOAT_DATA
    timeOffset: 0
    inttype: AE_INTERP_LINEAR
    fvalue1: 0
  }
  keytimes {
    datatype: AE_FLOAT_DATA
    timeOffset: 1
    inttype: AE_INTERP_LINEAR
    fvalue1: 0
  }
  keytimes {
    datatype: AE_FLOAT_DATA
    timeOffset: 1.01666
    inttype: AE_INTERP_LINEAR
    fvalue1: 0.44578671
    isCookedKeytime: true
  }
  keytimes {
    datatype: AE_FLOAT_DATA
    timeOffset: 1.03332
    inttype: AE_INTERP_LINEAR
    fvalue1: 0.62538737
    isCookedKeytime: true
  }
  keytimes {
    datatype: AE_FLOAT_DATA
    timeOffset: 1.0499799
    inttype: AE_INTERP_LINEAR
    fvalue1: 0.74382043
    isCookedKeytime: true
  }
  keytimes {
    datatype: AE_FLOAT_DATA
    timeOffset: 1.0666399
    inttype: AE_INTERP_LINEAR
    fvalue1: 0.82808077
    isCookedKeytime: true
  }
  keytimes {
    datatype: AE_FLOAT_DATA
    timeOffset: 1.0832999
    inttype: AE_INTERP_LINEAR
    fvalue1: 0.88936782
    isCookedKeytime: true
  }
  keytimes {
    datatype: AE_FLOAT_DATA
    timeOffset: 1.0999599
    inttype: AE_INTERP_LINEAR
    fvalue1: 0.93369764
    isCookedKeytime: true
  }
  keytimes {
    datatype: AE_FLOAT_DATA
    timeOffset: 1.1166198
    inttype: AE_INTERP_LINEAR
    fvalue1: 0.96477348
    isCookedKeytime: true
  }
  keytimes {
    datatype: AE_FLOAT_DATA
    timeOffset: 1.1332798
    inttype: AE_INTERP_LINEAR
    fvalue1: 0.985079
    isCookedKeytime: true
  }
  keytimes {
    datatype: AE_FLOAT_DATA
    timeOffset: 1.1499398
    inttype: AE_INTERP_LINEAR
    fvalue1: 0.99638236
    isCookedKeytime: true
  }
  keytimes {
    datatype: AE_FLOAT_DATA
    timeOffset: 1.1666666
    inttype: AE_INTERP_LINEAR
    fvalue1: 1
  }
  keytimes {
    datatype: AE_FLOAT_DATA
    timeOffset: 1.1833266
    inttype: AE_INTERP_LINEAR
    fvalue1: 1
    isCookedKeytime: true
  }
  keytimes {
    datatype: AE_FLOAT_DATA
    timeOffset: 1.1999866
    inttype: AE_INTERP_LINEAR
    fvalue1: 1
    isCookedKeytime: true
  }
  keytimes {
    datatype: AE_FLOAT_DATA
    timeOffset: 1.2166466
    inttype: AE_INTERP_LINEAR
    fvalue1: 1
    isCookedKeytime: true
  }
  keytimes {
    datatype: AE_FLOAT_DATA
    timeOffset: 1.2333065
    inttype: AE_INTERP_LINEAR
    fvalue1: 1
    isCookedKeytime: true
  }
  keytimes {
    datatype: AE_FLOAT_DATA
    timeOffset: 1.2499665
    inttype: AE_INTERP_LINEAR
    fvalue1: 1
    isCookedKeytime: true
  }
  keytimes {
    datatype: AE_FLOAT_DATA
    timeOffset: 1.2666265
    inttype: AE_INTERP_LINEAR
    fvalue1: 1
    isCookedKeytime: true
  }
  keytimes {
    datatype: AE_FLOAT_DATA
    timeOffset: 1.2832865
    inttype: AE_INTERP_LINEAR
    fvalue1: 1
    isCookedKeytime: true
  }
  keytimes {
    datatype: AE_FLOAT_DATA
    timeOffset: 1.2999464
    inttype: AE_INTERP_LINEAR
    fvalue1: 1
    isCookedKeytime: true
  }
  keytimes {
    datatype: AE_FLOAT_DATA
    timeOffset: 1.3166064
    inttype: AE_INTERP_LINEAR
    fvalue1: 1
    isCookedKeytime: true
  }
  keytimes {
    datatype: AE_FLOAT_DATA
    timeOffset: 1.3332664
    inttype: AE_INTERP_LINEAR
    fvalue1: 1
    isCookedKeytime: true
  }
  keytimes {
    datatype: AE_FLOAT_DATA
    timeOffset: 1.3499264
    inttype: AE_INTERP_LINEAR
    fvalue1: 1
    isCookedKeytime: true
  }
  keytimes {
    datatype: AE_FLOAT_DATA
    timeOffset: 1.3665863
    inttype: AE_INTERP_LINEAR
    fvalue1: 1
    isCookedKeytime: true
  }
  keytimes {
    datatype: AE_FLOAT_DATA
    timeOffset: 1.3832463
    inttype: AE_INTERP_LINEAR
    fvalue1: 1
    isCookedKeytime: true
  }
  keytimes {
    datatype: AE_FLOAT_DATA
    timeOffset: 1.3999063
    inttype: AE_INTERP_LINEAR
    fvalue1: 1
    isCookedKeytime: true
  }
  keytimes {
    datatype: AE_FLOAT_DATA
    timeOffset: 1.4165663
    inttype: AE_INTERP_LINEAR
    fvalue1: 1
    isCookedKeytime: true
  }
  keytimes {
    datatype: AE_FLOAT_DATA
    timeOffset: 1.4332262
    inttype: AE_INTERP_LINEAR
    fvalue1: 1
    isCookedKeytime: true
  }
  keytimes {
    datatype: AE_FLOAT_DATA
    timeOffset: 1.4498862
    inttype: AE_INTERP_LINEAR
    fvalue1: 1
    isCookedKeytime: true
  }
  keytimes {
    datatype: AE_FLOAT_DATA
    timeOffset: 1.4665462
    inttype: AE_INTERP_LINEAR
    fvalue1: 1
    isCookedKeytime: true
  }
  keytimes {
    datatype: AE_FLOAT_DATA
    timeOffset: 1.4832062
    inttype: AE_INTERP_LINEAR
    fvalue1: 1
    isCookedKeytime: true
  }
  keytimes {
    datatype: AE_FLOAT_DATA
    timeOffset: 1.4998661
    inttype: AE_INTERP_LINEAR
    fvalue1: 1
    isCookedKeytime: true
  }
  keytimes {
    datatype: AE_FLOAT_DATA
    timeOffset: 1.5165261
    inttype: AE_INTERP_LINEAR
    fvalue1: 1
    isCookedKeytime: true
  }
  keytimes {
    datatype: AE_FLOAT_DATA
    timeOffset: 1.5331861
    inttype: AE_INTERP_LINEAR
    fvalue1: 1
    isCookedKeytime: true
  }
  keytimes {
    datatype: AE_FLOAT_DATA
    timeOffset: 1.5498461
    inttype: AE_INTERP_LINEAR
    fvalue1: 1
    isCookedKeytime: true
  }
  keytimes {
    datatype: AE_FLOAT_DATA
    timeOffset: 1.566506
    inttype: AE_INTERP_LINEAR
    fvalue1: 1
    isCookedKeytime: true
  }
  keytimes {
    datatype: AE_FLOAT_DATA
    timeOffset: 1.583166
    inttype: AE_INTERP_LINEAR
    fvalue1: 1
    isCookedKeytime: true
  }
  keytimes {
    datatype: AE_FLOAT_DATA
    timeOffset: 1.599826
    inttype: AE_INTERP_LINEAR
    fvalue1: 1
    isCookedKeytime: true
  }
  keytimes {
    datatype: AE_FLOAT_DATA
    timeOffset: 1.616486
    inttype: AE_INTERP_LINEAR
    fvalue1: 1
    isCookedKeytime: true
  }
  keytimes {
    datatype: AE_FLOAT_DATA
    timeOffset: 1.6331459
    inttype: AE_INTERP_LINEAR
    fvalue1: 1
    isCookedKeytime: true
  }
  keytimes {
    datatype: AE_FLOAT_DATA
    timeOffset: 1.6498059
    inttype: AE_INTERP_LINEAR
    fvalue1: 1
    isCookedKeytime: true
  }
  keytimes {
    datatype: AE_FLOAT_DATA
    timeOffset: 1.6664659
    inttype: AE_INTERP_LINEAR
    fvalue1: 1
    isCookedKeytime: true
  }
  keytimes {
    datatype: AE_FLOAT_DATA
    timeOffset: 1.6831259
    inttype: AE_INTERP_LINEAR
    fvalue1: 1
    isCookedKeytime: true
  }
  keytimes {
    datatype: AE_FLOAT_DATA
    timeOffset: 1.6997858
    inttype: AE_INTERP_LINEAR
    fvalue1: 1
    isCookedKeytime: true
  }
  keytimes {
    datatype: AE_FLOAT_DATA
    timeOffset: 1.7164458
    inttype: AE_INTERP_LINEAR
    fvalue1: 1
    isCookedKeytime: true
  }
  keytimes {
    datatype: AE_FLOAT_DATA
    timeOffset: 1.7331058
    inttype: AE_INTERP_LINEAR
    fvalue1: 1
    isCookedKeytime: true
  }
  keytimes {
    datatype: AE_FLOAT_DATA
    timeOffset: 1.7497658
    inttype: AE_INTERP_LINEAR
    fvalue1: 1
    isCookedKeytime: true
  }
  keytimes {
    datatype: AE_FLOAT_DATA
    timeOffset: 1.7664257
    inttype: AE_INTERP_LINEAR
    fvalue1: 1
    isCookedKeytime: true
  }
  keytimes {
    datatype: AE_FLOAT_DATA
    timeOffset: 1.7830857
    inttype: AE_INTERP_LINEAR
    fvalue1: 1
    isCookedKeytime: true
  }
  keytimes {
    datatype: AE_FLOAT_DATA
    timeOffset: 1.7997457
    inttype: AE_INTERP_LINEAR
    fvalue1: 1
    isCookedKeytime: true
  }
  keytimes {
    datatype: AE_FLOAT_DATA
    timeOffset: 1.8164057
    inttype: AE_INTERP_LINEAR
    fvalue1: 1
    isCookedKeytime: true
  }
  keytimes {
    datatype: AE_FLOAT_DATA
    timeOffset: 1.8330656
    inttype: AE_INTERP_LINEAR
    fvalue1: 1
    isCookedKeytime: true
  }
  keytimes {
    datatype: AE_FLOAT_DATA
    timeOffset: 1.8497256
    inttype: AE_INTERP_LINEAR
    fvalue1: 1
    isCookedKeytime: true
  }
  keytimes {
    datatype: AE_FLOAT_DATA
    timeOffset: 1.8663856
    inttype: AE_INTERP_LINEAR
    fvalue1: 1
    isCookedKeytime: true
  }
  keytimes {
    datatype: AE_FLOAT_DATA
    timeOffset: 1.8830456
    inttype: AE_INTERP_LINEAR
    fvalue1: 1
    isCookedKeytime: true
  }
  keytimes {
    datatype: AE_FLOAT_DATA
    timeOffset: 1.8997055
    inttype: AE_INTERP_LINEAR
    fvalue1: 1
    isCookedKeytime: true
  }
  keytimes {
    datatype: AE_FLOAT_DATA
    timeOffset: 1.9163655
    inttype: AE_INTERP_LINEAR
    fvalue1: 1
    isCookedKeytime: true
  }
  keytimes {
    datatype: AE_FLOAT_DATA
    timeOffset: 1.9330255
    inttype: AE_INTERP_LINEAR
    fvalue1: 1
    isCookedKeytime: true
  }
  keytimes {
    datatype: AE_FLOAT_DATA
    timeOffset: 1.9496855
    inttype: AE_INTERP_LINEAR
    fvalue1: 1
    isCookedKeytime: true
  }
  keytimes {
    datatype: AE_FLOAT_DATA
    timeOffset: 1.9663454
    inttype: AE_INTERP_LINEAR
    fvalue1: 1
    isCookedKeytime: true
  }
  keytimes {
    datatype: AE_FLOAT_DATA
    timeOffset: 1.9830054
    inttype: AE_INTERP_LINEAR
    fvalue1: 1
    isCookedKeytime: true
  }
  keytimes {
    datatype: AE_FLOAT_DATA
    timeOffset: 1.9996654
    inttype: AE_INTERP_LINEAR
    fvalue1: 1
    isCookedKeytime: true
  }
  keytimes {
    datatype: AE_FLOAT_DATA
    timeOffset: 2
    inttype: AE_INTERP_LINEAR
    fvalue1: 1
  }
  keytimes {
    datatype: AE_FLOAT_DATA
    timeOffset: 2.01666
    inttype: AE_INTERP_LINEAR
    fvalue1: 0.55421329
    isCookedKeytime: true
  }
  keytimes {
    datatype: AE_FLOAT_DATA
    timeOffset: 2.03332
    inttype: AE_INTERP_LINEAR
    fvalue1: 0.37461263
    isCookedKeytime: true
  }
  keytimes {
    datatype: AE_FLOAT_DATA
    timeOffset: 2.04998
    inttype: AE_INTERP_LINEAR
    fvalue1: 0.25617957
    isCookedKeytime: true
  }
  keytimes {
    datatype: AE_FLOAT_DATA
    timeOffset: 2.06664
    inttype: AE_INTERP_LINEAR
    fvalue1: 0.17191926
    isCookedKeytime: true
  }
  keytimes {
    datatype: AE_FLOAT_DATA
    timeOffset: 2.0832999
    inttype: AE_INTERP_LINEAR
    fvalue1: 0.11063219
    isCookedKeytime: true
  }
  keytimes {
    datatype: AE_FLOAT_DATA
    timeOffset: 2.0999599
    inttype: AE_INTERP_LINEAR
    fvalue1: 0.066302322
    isCookedKeytime: true
  }
  keytimes {
    datatype: AE_FLOAT_DATA
    timeOffset: 2.1166198
    inttype: AE_INTERP_LINEAR
    fvalue1: 0.03522652
    isCookedKeytime: true
  }
  keytimes {
    datatype: AE_FLOAT_DATA
    timeOffset: 2.1332798
    inttype: AE_INTERP_LINEAR
    fvalue1: 0.014921
    isCookedKeytime: true
  }
  keytimes {
    datatype: AE_FLOAT_DATA
    timeOffset: 2.1499398
    inttype: AE_INTERP_LINEAR
    fvalue1: 0.00361762
    isCookedKeytime: true
  }
  keytimes {
    datatype: AE_FLOAT_DATA
    timeOffset: 2.1665998
    inttype: AE_INTERP_LINEAR
    fvalue1: 1.2726709e-06
    isCookedKeytime: true
  }
  keytimes {
    datatype: AE_FLOAT_DATA
    timeOffset: 2.1666667
    inttype: AE_INTERP_LINEAR
    fvalue1: 0
  }
  trackName: "Opacity"
}
tracks {
  binding: IS_VISIBLE
  targetid: 2624
  targetname: "Btn-Rewind"
  keytimes {
    datatype: AE_INT_DATA
    timeOffset: 0
    inttype: AE_INTERP_HOLD
    ivalue1: 1
  }
}
tracks {
  binding: OPACITY
  targetid: 2624
  targetname: "Btn-Rewind"
  keytimes {
    datatype: AE_FLOAT_DATA
    timeOffset: 0
    inttype: AE_INTERP_LINEAR
    fvalue1: 0
  }
  keytimes {
    datatype: AE_FLOAT_DATA
    timeOffset: 1
    inttype: AE_INTERP_LINEAR
    fvalue1: 0
  }
  keytimes {
    datatype: AE_FLOAT_DATA
    timeOffset: 1.01666
    inttype: AE_INTERP_LINEAR
    fvalue1: 0.44578671
    isCookedKeytime: true
  }
  keytimes {
    datatype: AE_FLOAT_DATA
    timeOffset: 1.03332
    inttype: AE_INTERP_LINEAR
    fvalue1: 0.62538737
    isCookedKeytime: true
  }
  keytimes {
    datatype: AE_FLOAT_DATA
    timeOffset: 1.0499799
    inttype: AE_INTERP_LINEAR
    fvalue1: 0.74382043
    isCookedKeytime: true
  }
  keytimes {
    datatype: AE_FLOAT_DATA
    timeOffset: 1.0666399
    inttype: AE_INTERP_LINEAR
    fvalue1: 0.82808077
    isCookedKeytime: true
  }
  keytimes {
    datatype: AE_FLOAT_DATA
    timeOffset: 1.0832999
    inttype: AE_INTERP_LINEAR
    fvalue1: 0.88936782
    isCookedKeytime: true
  }
  keytimes {
    datatype: AE_FLOAT_DATA
    timeOffset: 1.0999599
    inttype: AE_INTERP_LINEAR
    fvalue1: 0.93369764
    isCookedKeytime: true
  }
  keytimes {
    datatype: AE_FLOAT_DATA
    timeOffset: 1.1166198
    inttype: AE_INTERP_LINEAR
    fvalue1: 0.96477348
    isCookedKeytime: true
  }
  keytimes {
    datatype: AE_FLOAT_DATA
    timeOffset: 1.1332798
    inttype: AE_INTERP_LINEAR
    fvalue1: 0.985079
    isCookedKeytime: true
  }
  keytimes {
    datatype: AE_FLOAT_DATA
    timeOffset: 1.1499398
    inttype: AE_INTERP_LINEAR
    fvalue1: 0.99638236
    isCookedKeytime: true
  }
  keytimes {
    datatype: AE_FLOAT_DATA
    timeOffset: 1.1666666
    inttype: AE_INTERP_LINEAR
    fvalue1: 1
  }
  keytimes {
    datatype: AE_FLOAT_DATA
    timeOffset: 1.1833266
    inttype: AE_INTERP_LINEAR
    fvalue1: 1
    isCookedKeytime: true
  }
  keytimes {
    datatype: AE_FLOAT_DATA
    timeOffset: 1.1999866
    inttype: AE_INTERP_LINEAR
    fvalue1: 1
    isCookedKeytime: true
  }
  keytimes {
    datatype: AE_FLOAT_DATA
    timeOffset: 1.2166466
    inttype: AE_INTERP_LINEAR
    fvalue1: 1
    isCookedKeytime: true
  }
  keytimes {
    datatype: AE_FLOAT_DATA
    timeOffset: 1.2333065
    inttype: AE_INTERP_LINEAR
    fvalue1: 1
    isCookedKeytime: true
  }
  keytimes {
    datatype: AE_FLOAT_DATA
    timeOffset: 1.2499665
    inttype: AE_INTERP_LINEAR
    fvalue1: 1
    isCookedKeytime: true
  }
  keytimes {
    datatype: AE_FLOAT_DATA
    timeOffset: 1.2666265
    inttype: AE_INTERP_LINEAR
    fvalue1: 1
    isCookedKeytime: true
  }
  keytimes {
    datatype: AE_FLOAT_DATA
    timeOffset: 1.2832865
    inttype: AE_INTERP_LINEAR
    fvalue1: 1
    isCookedKeytime: true
  }
  keytimes {
    datatype: AE_FLOAT_DATA
    timeOffset: 1.2999464
    inttype: AE_INTERP_LINEAR
    fvalue1: 1
    isCookedKeytime: true
  }
  keytimes {
    datatype: AE_FLOAT_DATA
    timeOffset: 1.3166064
    inttype: AE_INTERP_LINEAR
    fvalue1: 1
    isCookedKeytime: true
  }
  keytimes {
    datatype: AE_FLOAT_DATA
    timeOffset: 1.3332664
    inttype: AE_INTERP_LINEAR
    fvalue1: 1
    isCookedKeytime: true
  }
  keytimes {
    datatype: AE_FLOAT_DATA
    timeOffset: 1.3499264
    inttype: AE_INTERP_LINEAR
    fvalue1: 1
    isCookedKeytime: true
  }
  keytimes {
    datatype: AE_FLOAT_DATA
    timeOffset: 1.3665863
    inttype: AE_INTERP_LINEAR
    fvalue1: 1
    isCookedKeytime: true
  }
  keytimes {
    datatype: AE_FLOAT_DATA
    timeOffset: 1.3832463
    inttype: AE_INTERP_LINEAR
    fvalue1: 1
    isCookedKeytime: true
  }
  keytimes {
    datatype: AE_FLOAT_DATA
    timeOffset: 1.3999063
    inttype: AE_INTERP_LINEAR
    fvalue1: 1
    isCookedKeytime: true
  }
  keytimes {
    datatype: AE_FLOAT_DATA
    timeOffset: 1.4165663
    inttype: AE_INTERP_LINEAR
    fvalue1: 1
    isCookedKeytime: true
  }
  keytimes {
    datatype: AE_FLOAT_DATA
    timeOffset: 1.4332262
    inttype: AE_INTERP_LINEAR
    fvalue1: 1
    isCookedKeytime: true
  }
  keytimes {
    datatype: AE_FLOAT_DATA
    timeOffset: 1.4498862
    inttype: AE_INTERP_LINEAR
    fvalue1: 1
    isCookedKeytime: true
  }
  keytimes {
    datatype: AE_FLOAT_DATA
    timeOffset: 1.4665462
    inttype: AE_INTERP_LINEAR
    fvalue1: 1
    isCookedKeytime: true
  }
  keytimes {
    datatype: AE_FLOAT_DATA
    timeOffset: 1.4832062
    inttype: AE_INTERP_LINEAR
    fvalue1: 1
    isCookedKeytime: true
  }
  keytimes {
    datatype: AE_FLOAT_DATA
    timeOffset: 1.4998661
    inttype: AE_INTERP_LINEAR
    fvalue1: 1
    isCookedKeytime: true
  }
  keytimes {
    datatype: AE_FLOAT_DATA
    timeOffset: 1.5165261
    inttype: AE_INTERP_LINEAR
    fvalue1: 1
    isCookedKeytime: true
  }
  keytimes {
    datatype: AE_FLOAT_DATA
    timeOffset: 1.5331861
    inttype: AE_INTERP_LINEAR
    fvalue1: 1
    isCookedKeytime: true
  }
  keytimes {
    datatype: AE_FLOAT_DATA
    timeOffset: 1.5498461
    inttype: AE_INTERP_LINEAR
    fvalue1: 1
    isCookedKeytime: true
  }
  keytimes {
    datatype: AE_FLOAT_DATA
    timeOffset: 1.566506
    inttype: AE_INTERP_LINEAR
    fvalue1: 1
    isCookedKeytime: true
  }
  keytimes {
    datatype: AE_FLOAT_DATA
    timeOffset: 1.583166
    inttype: AE_INTERP_LINEAR
    fvalue1: 1
    isCookedKeytime: true
  }
  keytimes {
    datatype: AE_FLOAT_DATA
    timeOffset: 1.599826
    inttype: AE_INTERP_LINEAR
    fvalue1: 1
    isCookedKeytime: true
  }
  keytimes {
    datatype: AE_FLOAT_DATA
    timeOffset: 1.616486
    inttype: AE_INTERP_LINEAR
    fvalue1: 1
    isCookedKeytime: true
  }
  keytimes {
    datatype: AE_FLOAT_DATA
    timeOffset: 1.6331459
    inttype: AE_INTERP_LINEAR
    fvalue1: 1
    isCookedKeytime: true
  }
  keytimes {
    datatype: AE_FLOAT_DATA
    timeOffset: 1.6498059
    inttype: AE_INTERP_LINEAR
    fvalue1: 1
    isCookedKeytime: true
  }
  keytimes {
    datatype: AE_FLOAT_DATA
    timeOffset: 1.6664659
    inttype: AE_INTERP_LINEAR
    fvalue1: 1
    isCookedKeytime: true
  }
  keytimes {
    datatype: AE_FLOAT_DATA
    timeOffset: 1.6831259
    inttype: AE_INTERP_LINEAR
    fvalue1: 1
    isCookedKeytime: true
  }
  keytimes {
    datatype: AE_FLOAT_DATA
    timeOffset: 1.6997858
    inttype: AE_INTERP_LINEAR
    fvalue1: 1
    isCookedKeytime: true
  }
  keytimes {
    datatype: AE_FLOAT_DATA
    timeOffset: 1.7164458
    inttype: AE_INTERP_LINEAR
    fvalue1: 1
    isCookedKeytime: true
  }
  keytimes {
    datatype: AE_FLOAT_DATA
    timeOffset: 1.7331058
    inttype: AE_INTERP_LINEAR
    fvalue1: 1
    isCookedKeytime: true
  }
  keytimes {
    datatype: AE_FLOAT_DATA
    timeOffset: 1.7497658
    inttype: AE_INTERP_LINEAR
    fvalue1: 1
    isCookedKeytime: true
  }
  keytimes {
    datatype: AE_FLOAT_DATA
    timeOffset: 1.7664257
    inttype: AE_INTERP_LINEAR
    fvalue1: 1
    isCookedKeytime: true
  }
  keytimes {
    datatype: AE_FLOAT_DATA
    timeOffset: 1.7830857
    inttype: AE_INTERP_LINEAR
    fvalue1: 1
    isCookedKeytime: true
  }
  keytimes {
    datatype: AE_FLOAT_DATA
    timeOffset: 1.7997457
    inttype: AE_INTERP_LINEAR
    fvalue1: 1
    isCookedKeytime: true
  }
  keytimes {
    datatype: AE_FLOAT_DATA
    timeOffset: 1.8164057
    inttype: AE_INTERP_LINEAR
    fvalue1: 1
    isCookedKeytime: true
  }
  keytimes {
    datatype: AE_FLOAT_DATA
    timeOffset: 1.8330656
    inttype: AE_INTERP_LINEAR
    fvalue1: 1
    isCookedKeytime: true
  }
  keytimes {
    datatype: AE_FLOAT_DATA
    timeOffset: 1.8497256
    inttype: AE_INTERP_LINEAR
    fvalue1: 1
    isCookedKeytime: true
  }
  keytimes {
    datatype: AE_FLOAT_DATA
    timeOffset: 1.8663856
    inttype: AE_INTERP_LINEAR
    fvalue1: 1
    isCookedKeytime: true
  }
  keytimes {
    datatype: AE_FLOAT_DATA
    timeOffset: 1.8830456
    inttype: AE_INTERP_LINEAR
    fvalue1: 1
    isCookedKeytime: true
  }
  keytimes {
    datatype: AE_FLOAT_DATA
    timeOffset: 1.8997055
    inttype: AE_INTERP_LINEAR
    fvalue1: 1
    isCookedKeytime: true
  }
  keytimes {
    datatype: AE_FLOAT_DATA
    timeOffset: 1.9163655
    inttype: AE_INTERP_LINEAR
    fvalue1: 1
    isCookedKeytime: true
  }
  keytimes {
    datatype: AE_FLOAT_DATA
    timeOffset: 1.9330255
    inttype: AE_INTERP_LINEAR
    fvalue1: 1
    isCookedKeytime: true
  }
  keytimes {
    datatype: AE_FLOAT_DATA
    timeOffset: 1.9496855
    inttype: AE_INTERP_LINEAR
    fvalue1: 1
    isCookedKeytime: true
  }
  keytimes {
    datatype: AE_FLOAT_DATA
    timeOffset: 1.9663454
    inttype: AE_INTERP_LINEAR
    fvalue1: 1
    isCookedKeytime: true
  }
  keytimes {
    datatype: AE_FLOAT_DATA
    timeOffset: 1.9830054
    inttype: AE_INTERP_LINEAR
    fvalue1: 1
    isCookedKeytime: true
  }
  keytimes {
    datatype: AE_FLOAT_DATA
    timeOffset: 1.9996654
    inttype: AE_INTERP_LINEAR
    fvalue1: 1
    isCookedKeytime: true
  }
  keytimes {
    datatype: AE_FLOAT_DATA
    timeOffset: 2
    inttype: AE_INTERP_LINEAR
    fvalue1: 1
  }
  keytimes {
    datatype: AE_FLOAT_DATA
    timeOffset: 2.01666
    inttype: AE_INTERP_LINEAR
    fvalue1: 0.55421329
    isCookedKeytime: true
  }
  keytimes {
    datatype: AE_FLOAT_DATA
    timeOffset: 2.03332
    inttype: AE_INTERP_LINEAR
    fvalue1: 0.37461263
    isCookedKeytime: true
  }
  keytimes {
    datatype: AE_FLOAT_DATA
    timeOffset: 2.04998
    inttype: AE_INTERP_LINEAR
    fvalue1: 0.25617957
    isCookedKeytime: true
  }
  keytimes {
    datatype: AE_FLOAT_DATA
    timeOffset: 2.06664
    inttype: AE_INTERP_LINEAR
    fvalue1: 0.17191926
    isCookedKeytime: true
  }
  keytimes {
    datatype: AE_FLOAT_DATA
    timeOffset: 2.0832999
    inttype: AE_INTERP_LINEAR
    fvalue1: 0.11063219
    isCookedKeytime: true
  }
  keytimes {
    datatype: AE_FLOAT_DATA
    timeOffset: 2.0999599
    inttype: AE_INTERP_LINEAR
    fvalue1: 0.066302322
    isCookedKeytime: true
  }
  keytimes {
    datatype: AE_FLOAT_DATA
    timeOffset: 2.1166198
    inttype: AE_INTERP_LINEAR
    fvalue1: 0.03522652
    isCookedKeytime: true
  }
  keytimes {
    datatype: AE_FLOAT_DATA
    timeOffset: 2.1332798
    inttype: AE_INTERP_LINEAR
    fvalue1: 0.014921
    isCookedKeytime: true
  }
  keytimes {
    datatype: AE_FLOAT_DATA
    timeOffset: 2.1499398
    inttype: AE_INTERP_LINEAR
    fvalue1: 0.00361762
    isCookedKeytime: true
  }
  keytimes {
    datatype: AE_FLOAT_DATA
    timeOffset: 2.1665998
    inttype: AE_INTERP_LINEAR
    fvalue1: 1.2726709e-06
    isCookedKeytime: true
  }
  keytimes {
    datatype: AE_FLOAT_DATA
    timeOffset: 2.1666667
    inttype: AE_INTERP_LINEAR
    fvalue1: 0
  }
  trackName: "Opacity"
}
markers {
  starttime: 1
  duration: 0.16666667
  name: "In"
  tracksSelection {
    targetid: 2623
    binding: OPACITY
  }
  tracksSelection {
    targetid: 2624
    binding: OPACITY
  }
  alltracks: false
  looping: false
}
markers {
  starttime: 2
  duration: 0.16666667
  name: "Out"
  tracksSelection {
    targetid: 2623
    binding: OPACITY
  }
  tracksSelection {
    targetid: 2624
    binding: OPACITY
  }
  alltracks: false
  looping: false
}
