tracks {
  binding: IS_VISIBLE
  targetid: 18691
  targetname: "Thumb"
  keytimes {
    datatype: AE_INT_DATA
    timeOffset: 0
    inttype: AE_INTERP_HOLD
    ivalue1: 1
  }
}
tracks {
  binding: POSITION
  targetid: 18691
  targetname: "Thumb"
  keytimes {
    datatype: AE_FLOAT_VECTOR_DATA
    timeOffset: 0
    inttype: AE_INTERP_LINEAR
    fvalue1: 1.25
    fvalue2: 257.5
    fvalue3: 0
  }
  keytimes {
    datatype: AE_FLOAT_VECTOR_DATA
    timeOffset: 0.65
    inttype: AE_INTERP_LINEAR
    sInTangentX: -232
    sInTangentY: -0
    sInTangentZ: -0
    sOutTangentX: 4.1424942
    sOutTangentY: 0
    sOutTangentZ: 0
    fvalue1: 1.25
    fvalue2: 257.5
    fvalue3: 0
  }
  keytimes {
    datatype: AE_FLOAT_VECTOR_DATA
    timeOffset: 0.66666663
    inttype: AE_INTERP_LINEAR
    sInTangentX: -4.5783696
    sInTangentY: 0
    sInTangentZ: 0
    sOutTangentX: 246.95288
    sOutTangentY: 0
    sOutTangentZ: 0
    fvalue1: 7.9602585
    fvalue2: 257.5
    fvalue3: 0
  }
  keytimes {
    datatype: AE_FLOAT_VECTOR_DATA
    timeOffset: 2.3000002
    inttype: AE_INTERP_LINEAR
    sInTangentX: -248.73691
    sInTangentY: 0
    sInTangentZ: 0
    sOutTangentX: 4.9151707
    sOutTangentY: 0
    sOutTangentZ: 0
    fvalue1: 1388.2494
    fvalue2: 257.5
    fvalue3: 0
  }
  keytimes {
    datatype: AE_FLOAT_VECTOR_DATA
    timeOffset: 2.3166668
    inttype: AE_INTERP_LINEAR
    sInTangentX: -4.4153337
    sInTangentY: 0
    sInTangentZ: 0
    sOutTangentX: 232
    sOutTangentY: 0
    sOutTangentZ: 0
    fvalue1: 1394
    fvalue2: 257.5
    fvalue3: 0
  }
  trackName: "Position"
}
tracks {
  binding: OPACITY
  targetid: 18691
  targetname: "Thumb"
  keytimes {
    datatype: AE_FLOAT_DATA
    timeOffset: 0
    inttype: AE_INTERP_LINEAR
    fvalue1: 1
  }
  keytimes {
    datatype: AE_FLOAT_DATA
    timeOffset: 4.6550131
    inttype: AE_INTERP_LINEAR
    fvalue1: 1
  }
  keytimes {
    datatype: AE_FLOAT_DATA
    timeOffset: 4.6716733
    inttype: AE_INTERP_LINEAR
    fvalue1: 0.69071764
    isCookedKeytime: true
  }
  keytimes {
    datatype: AE_FLOAT_DATA
    timeOffset: 4.6883335
    inttype: AE_INTERP_LINEAR
    fvalue1: 0.55070597
    isCookedKeytime: true
  }
  keytimes {
    datatype: AE_FLOAT_DATA
    timeOffset: 4.7049937
    inttype: AE_INTERP_LINEAR
    fvalue1: 0.44962925
    isCookedKeytime: true
  }
  keytimes {
    datatype: AE_FLOAT_DATA
    timeOffset: 4.7216539
    inttype: AE_INTERP_LINEAR
    fvalue1: 0.37030357
    isCookedKeytime: true
  }
  keytimes {
    datatype: AE_FLOAT_DATA
    timeOffset: 4.7383142
    inttype: AE_INTERP_LINEAR
    fvalue1: 0.30560014
    isCookedKeytime: true
  }
  keytimes {
    datatype: AE_FLOAT_DATA
    timeOffset: 4.7549744
    inttype: AE_INTERP_LINEAR
    fvalue1: 0.25168955
    isCookedKeytime: true
  }
  keytimes {
    datatype: AE_FLOAT_DATA
    timeOffset: 4.7716346
    inttype: AE_INTERP_LINEAR
    fvalue1: 0.20621489
    isCookedKeytime: true
  }
  keytimes {
    datatype: AE_FLOAT_DATA
    timeOffset: 4.7882948
    inttype: AE_INTERP_LINEAR
    fvalue1: 0.1675951
    isCookedKeytime: true
  }
  keytimes {
    datatype: AE_FLOAT_DATA
    timeOffset: 4.804955
    inttype: AE_INTERP_LINEAR
    fvalue1: 0.13470483
    isCookedKeytime: true
  }
  keytimes {
    datatype: AE_FLOAT_DATA
    timeOffset: 4.8216152
    inttype: AE_INTERP_LINEAR
    fvalue1: 0.10670703
    isCookedKeytime: true
  }
  keytimes {
    datatype: AE_FLOAT_DATA
    timeOffset: 4.8382754
    inttype: AE_INTERP_LINEAR
    fvalue1: 0.082957774
    isCookedKeytime: true
  }
  keytimes {
    datatype: AE_FLOAT_DATA
    timeOffset: 4.8549356
    inttype: AE_INTERP_LINEAR
    fvalue1: 0.062948272
    isCookedKeytime: true
  }
  keytimes {
    datatype: AE_FLOAT_DATA
    timeOffset: 4.8715959
    inttype: AE_INTERP_LINEAR
    fvalue1: 0.046267658
    isCookedKeytime: true
  }
  keytimes {
    datatype: AE_FLOAT_DATA
    timeOffset: 4.8882561
    inttype: AE_INTERP_LINEAR
    fvalue1: 0.032578107
    isCookedKeytime: true
  }
  keytimes {
    datatype: AE_FLOAT_DATA
    timeOffset: 4.9049163
    inttype: AE_INTERP_LINEAR
    fvalue1: 0.021597587
    isCookedKeytime: true
  }
  keytimes {
    datatype: AE_FLOAT_DATA
    timeOffset: 4.9215765
    inttype: AE_INTERP_LINEAR
    fvalue1: 0.013087541
    isCookedKeytime: true
  }
  keytimes {
    datatype: AE_FLOAT_DATA
    timeOffset: 4.9382367
    inttype: AE_INTERP_LINEAR
    fvalue1: 0.0068439292
    isCookedKeytime: true
  }
  keytimes {
    datatype: AE_FLOAT_DATA
    timeOffset: 4.9548969
    inttype: AE_INTERP_LINEAR
    fvalue1: 0.0026904878
    isCookedKeytime: true
  }
  keytimes {
    datatype: AE_FLOAT_DATA
    timeOffset: 4.9715571
    inttype: AE_INTERP_LINEAR
    fvalue1: 0.00047362957
    isCookedKeytime: true
  }
  keytimes {
    datatype: AE_FLOAT_DATA
    timeOffset: 4.9833336
    inttype: AE_INTERP_LINEAR
    fvalue1: 0
  }
  keytimes {
    datatype: AE_FLOAT_DATA
    timeOffset: 4.9999938
    inttype: AE_INTERP_LINEAR
    fvalue1: 0
    isCookedKeytime: true
  }
  keytimes {
    datatype: AE_FLOAT_DATA
    timeOffset: 5.016654
    inttype: AE_INTERP_LINEAR
    fvalue1: 0
    isCookedKeytime: true
  }
  keytimes {
    datatype: AE_FLOAT_DATA
    timeOffset: 5.0333142
    inttype: AE_INTERP_LINEAR
    fvalue1: 0
    isCookedKeytime: true
  }
  keytimes {
    datatype: AE_FLOAT_DATA
    timeOffset: 5.0499744
    inttype: AE_INTERP_LINEAR
    fvalue1: 0
    isCookedKeytime: true
  }
  keytimes {
    datatype: AE_FLOAT_DATA
    timeOffset: 5.0666347
    inttype: AE_INTERP_LINEAR
    fvalue1: 0
    isCookedKeytime: true
  }
  keytimes {
    datatype: AE_FLOAT_DATA
    timeOffset: 5.0832949
    inttype: AE_INTERP_LINEAR
    fvalue1: 0
    isCookedKeytime: true
  }
  keytimes {
    datatype: AE_FLOAT_DATA
    timeOffset: 5.0999551
    inttype: AE_INTERP_LINEAR
    fvalue1: 0
    isCookedKeytime: true
  }
  keytimes {
    datatype: AE_FLOAT_DATA
    timeOffset: 5.1166153
    inttype: AE_INTERP_LINEAR
    fvalue1: 0
    isCookedKeytime: true
  }
  keytimes {
    datatype: AE_FLOAT_DATA
    timeOffset: 5.1332755
    inttype: AE_INTERP_LINEAR
    fvalue1: 0
    isCookedKeytime: true
  }
  keytimes {
    datatype: AE_FLOAT_DATA
    timeOffset: 5.1499357
    inttype: AE_INTERP_LINEAR
    fvalue1: 0
    isCookedKeytime: true
  }
  keytimes {
    datatype: AE_FLOAT_DATA
    timeOffset: 5.1665959
    inttype: AE_INTERP_LINEAR
    fvalue1: 0
    isCookedKeytime: true
  }
  keytimes {
    datatype: AE_FLOAT_DATA
    timeOffset: 5.1832561
    inttype: AE_INTERP_LINEAR
    fvalue1: 0
    isCookedKeytime: true
  }
  keytimes {
    datatype: AE_FLOAT_DATA
    timeOffset: 5.1999164
    inttype: AE_INTERP_LINEAR
    fvalue1: 0
    isCookedKeytime: true
  }
  keytimes {
    datatype: AE_FLOAT_DATA
    timeOffset: 5.2165766
    inttype: AE_INTERP_LINEAR
    fvalue1: 0
    isCookedKeytime: true
  }
  keytimes {
    datatype: AE_FLOAT_DATA
    timeOffset: 5.2332368
    inttype: AE_INTERP_LINEAR
    fvalue1: 0
    isCookedKeytime: true
  }
  keytimes {
    datatype: AE_FLOAT_DATA
    timeOffset: 5.249897
    inttype: AE_INTERP_LINEAR
    fvalue1: 0
    isCookedKeytime: true
  }
  keytimes {
    datatype: AE_FLOAT_DATA
    timeOffset: 5.2665572
    inttype: AE_INTERP_LINEAR
    fvalue1: 0
    isCookedKeytime: true
  }
  keytimes {
    datatype: AE_FLOAT_DATA
    timeOffset: 5.2832174
    inttype: AE_INTERP_LINEAR
    fvalue1: 0
    isCookedKeytime: true
  }
  keytimes {
    datatype: AE_FLOAT_DATA
    timeOffset: 5.2998776
    inttype: AE_INTERP_LINEAR
    fvalue1: 0
    isCookedKeytime: true
  }
  keytimes {
    datatype: AE_FLOAT_DATA
    timeOffset: 5.3165379
    inttype: AE_INTERP_LINEAR
    fvalue1: 0
    isCookedKeytime: true
  }
  keytimes {
    datatype: AE_FLOAT_DATA
    timeOffset: 5.3331981
    inttype: AE_INTERP_LINEAR
    fvalue1: 0
    isCookedKeytime: true
  }
  keytimes {
    datatype: AE_FLOAT_DATA
    timeOffset: 5.3498583
    inttype: AE_INTERP_LINEAR
    fvalue1: 0
    isCookedKeytime: true
  }
  keytimes {
    datatype: AE_FLOAT_DATA
    timeOffset: 5.3665185
    inttype: AE_INTERP_LINEAR
    fvalue1: 0
    isCookedKeytime: true
  }
  keytimes {
    datatype: AE_FLOAT_DATA
    timeOffset: 5.3831787
    inttype: AE_INTERP_LINEAR
    fvalue1: 0
    isCookedKeytime: true
  }
  keytimes {
    datatype: AE_FLOAT_DATA
    timeOffset: 5.3998389
    inttype: AE_INTERP_LINEAR
    fvalue1: 0
    isCookedKeytime: true
  }
  keytimes {
    datatype: AE_FLOAT_DATA
    timeOffset: 5.4164991
    inttype: AE_INTERP_LINEAR
    fvalue1: 0
    isCookedKeytime: true
  }
  keytimes {
    datatype: AE_FLOAT_DATA
    timeOffset: 5.4331594
    inttype: AE_INTERP_LINEAR
    fvalue1: 0
    isCookedKeytime: true
  }
  keytimes {
    datatype: AE_FLOAT_DATA
    timeOffset: 5.4498196
    inttype: AE_INTERP_LINEAR
    fvalue1: 0
    isCookedKeytime: true
  }
  keytimes {
    datatype: AE_FLOAT_DATA
    timeOffset: 5.46648
    inttype: AE_INTERP_LINEAR
    fvalue1: 0
    isCookedKeytime: true
  }
  keytimes {
    datatype: AE_FLOAT_DATA
    timeOffset: 5.48314
    inttype: AE_INTERP_LINEAR
    fvalue1: 0
    isCookedKeytime: true
  }
  keytimes {
    datatype: AE_FLOAT_DATA
    timeOffset: 5.4998
    inttype: AE_INTERP_LINEAR
    fvalue1: 0
    isCookedKeytime: true
  }
  keytimes {
    datatype: AE_FLOAT_DATA
    timeOffset: 5.5164604
    inttype: AE_INTERP_LINEAR
    fvalue1: 0
    isCookedKeytime: true
  }
  keytimes {
    datatype: AE_FLOAT_DATA
    timeOffset: 5.5331206
    inttype: AE_INTERP_LINEAR
    fvalue1: 0
    isCookedKeytime: true
  }
  keytimes {
    datatype: AE_FLOAT_DATA
    timeOffset: 5.5497808
    inttype: AE_INTERP_LINEAR
    fvalue1: 0
    isCookedKeytime: true
  }
  keytimes {
    datatype: AE_FLOAT_DATA
    timeOffset: 5.5664411
    inttype: AE_INTERP_LINEAR
    fvalue1: 0
    isCookedKeytime: true
  }
  keytimes {
    datatype: AE_FLOAT_DATA
    timeOffset: 5.5831013
    inttype: AE_INTERP_LINEAR
    fvalue1: 0
    isCookedKeytime: true
  }
  keytimes {
    datatype: AE_FLOAT_DATA
    timeOffset: 5.5997615
    inttype: AE_INTERP_LINEAR
    fvalue1: 0
    isCookedKeytime: true
  }
  keytimes {
    datatype: AE_FLOAT_DATA
    timeOffset: 5.6164217
    inttype: AE_INTERP_LINEAR
    fvalue1: 0
    isCookedKeytime: true
  }
  keytimes {
    datatype: AE_FLOAT_DATA
    timeOffset: 5.6330819
    inttype: AE_INTERP_LINEAR
    fvalue1: 0
    isCookedKeytime: true
  }
  keytimes {
    datatype: AE_FLOAT_DATA
    timeOffset: 5.6497421
    inttype: AE_INTERP_LINEAR
    fvalue1: 0
    isCookedKeytime: true
  }
  keytimes {
    datatype: AE_FLOAT_DATA
    timeOffset: 5.6560221
    inttype: AE_INTERP_LINEAR
    fvalue1: 0
  }
  keytimes {
    datatype: AE_FLOAT_DATA
    timeOffset: 5.6726823
    inttype: AE_INTERP_LINEAR
    fvalue1: 0.3098141
    isCookedKeytime: true
  }
  keytimes {
    datatype: AE_FLOAT_DATA
    timeOffset: 5.6893425
    inttype: AE_INTERP_LINEAR
    fvalue1: 0.45000896
    isCookedKeytime: true
  }
  keytimes {
    datatype: AE_FLOAT_DATA
    timeOffset: 5.7060027
    inttype: AE_INTERP_LINEAR
    fvalue1: 0.551189
    isCookedKeytime: true
  }
  keytimes {
    datatype: AE_FLOAT_DATA
    timeOffset: 5.7226629
    inttype: AE_INTERP_LINEAR
    fvalue1: 0.63057333
    isCookedKeytime: true
  }
  keytimes {
    datatype: AE_FLOAT_DATA
    timeOffset: 5.7393231
    inttype: AE_INTERP_LINEAR
    fvalue1: 0.69530541
    isCookedKeytime: true
  }
  keytimes {
    datatype: AE_FLOAT_DATA
    timeOffset: 5.7559834
    inttype: AE_INTERP_LINEAR
    fvalue1: 0.7492224
    isCookedKeytime: true
  }
  keytimes {
    datatype: AE_FLOAT_DATA
    timeOffset: 5.7726436
    inttype: AE_INTERP_LINEAR
    fvalue1: 0.79468626
    isCookedKeytime: true
  }
  keytimes {
    datatype: AE_FLOAT_DATA
    timeOffset: 5.7893038
    inttype: AE_INTERP_LINEAR
    fvalue1: 0.8332811
    isCookedKeytime: true
  }
  keytimes {
    datatype: AE_FLOAT_DATA
    timeOffset: 5.805964
    inttype: AE_INTERP_LINEAR
    fvalue1: 0.86613464
    isCookedKeytime: true
  }
  keytimes {
    datatype: AE_FLOAT_DATA
    timeOffset: 5.8226242
    inttype: AE_INTERP_LINEAR
    fvalue1: 0.89408576
    isCookedKeytime: true
  }
  keytimes {
    datatype: AE_FLOAT_DATA
    timeOffset: 5.8392844
    inttype: AE_INTERP_LINEAR
    fvalue1: 0.91777956
    isCookedKeytime: true
  }
  keytimes {
    datatype: AE_FLOAT_DATA
    timeOffset: 5.8559446
    inttype: AE_INTERP_LINEAR
    fvalue1: 0.9377259
    isCookedKeytime: true
  }
  keytimes {
    datatype: AE_FLOAT_DATA
    timeOffset: 5.8726048
    inttype: AE_INTERP_LINEAR
    fvalue1: 0.95433646
    isCookedKeytime: true
  }
  keytimes {
    datatype: AE_FLOAT_DATA
    timeOffset: 5.8892651
    inttype: AE_INTERP_LINEAR
    fvalue1: 0.96794993
    isCookedKeytime: true
  }
  keytimes {
    datatype: AE_FLOAT_DATA
    timeOffset: 5.9059253
    inttype: AE_INTERP_LINEAR
    fvalue1: 0.97884881
    isCookedKeytime: true
  }
  keytimes {
    datatype: AE_FLOAT_DATA
    timeOffset: 5.9225855
    inttype: AE_INTERP_LINEAR
    fvalue1: 0.987272
    isCookedKeytime: true
  }
  keytimes {
    datatype: AE_FLOAT_DATA
    timeOffset: 5.9392457
    inttype: AE_INTERP_LINEAR
    fvalue1: 0.99342424
    isCookedKeytime: true
  }
  keytimes {
    datatype: AE_FLOAT_DATA
    timeOffset: 5.9559059
    inttype: AE_INTERP_LINEAR
    fvalue1: 0.997482
    isCookedKeytime: true
  }
  keytimes {
    datatype: AE_FLOAT_DATA
    timeOffset: 5.9725661
    inttype: AE_INTERP_LINEAR
    fvalue1: 0.99959916
    isCookedKeytime: true
  }
  keytimes {
    datatype: AE_FLOAT_DATA
    timeOffset: 5.9833336
    inttype: AE_INTERP_LINEAR
    fvalue1: 1
  }
  trackName: "Opacity"
}
markers {
  starttime: 0.65100908
  duration: 1.6666666
  name: "ScrollStart"
  tracksSelection {
    targetid: 18691
    binding: POSITION
  }
  alltracks: false
  id: 28
  looping: false
}
markers {
  starttime: 4.65
  duration: 0.33333334
  name: "ScrollHide"
  tracksSelection {
    targetid: 18691
    binding: OPACITY
  }
  alltracks: false
  id: 30
  looping: false
}
markers {
  starttime: 5.65
  duration: 0.33333334
  name: "ScrollShow"
  tracksSelection {
    targetid: 18691
    binding: OPACITY
  }
  alltracks: false
  id: 29
  looping: false
}
