activecomp {
  name: "Player_Error"
  width: 1920
  height: 1080
  defaultcameradistance: 2666.6667
  layer {
    name: "Dark Gray Solid 1"
    id: 618
    sourceid: 632
    transform {
      anchorPoint {
        x: 960
        y: 540
        z: 0
      }
      scale {
        x: 1
        y: 1
        z: 1
      }
      position {
        x: 960
        y: 540
        z: 0
      }
      orientation {
        x: 0
        y: 0
        z: 0
      }
      rotationX: 0
      rotationY: 0
      rotationZ: 0
      opacity: 1
    }
    acceptsshadows: true
    acceptslights: true
    castsshadows: false
  }
  bgcolor {
    alpha: 1
    red: 0
    green: 0
    blue: 0
  }
}
sources {
  uid: 632
  srctype: AE_SOLID_SRC
  color {
    alpha: 1
    red: 0.15035232901573181
    green: 0.15035232901573181
    blue: 0.15035232901573181
  }
  width: 1920
  height: 1080
  copy_source: false
}
